<?xml version="1.0" encoding="UTF-8"?>
<coverage generated="1779487818">
  <project timestamp="1779487818">
    <file name="/home/stevo/dev/dmi/stanbic-bank-sdk/src/Domain/Account/BalanceResponse.php">
      <class name="Stanbic\SDK\Domain\Account\BalanceResponse" namespace="global">
        <metrics complexity="7" methods="3" coveredmethods="3" conditionals="0" coveredconditionals="0" statements="21" coveredstatements="21" elements="24" coveredelements="24"/>
      </class>
      <line num="22" type="method" name="__construct" visibility="public" complexity="1" crap="1" count="7"/>
      <line num="30" type="stmt" count="7"/>
      <line num="37" type="method" name="fromArray" visibility="public" complexity="5" crap="5" count="4"/>
      <line num="39" type="stmt" count="4"/>
      <line num="40" type="stmt" count="4"/>
      <line num="41" type="stmt" count="4"/>
      <line num="42" type="stmt" count="4"/>
      <line num="43" type="stmt" count="4"/>
      <line num="44" type="stmt" count="4"/>
      <line num="45" type="stmt" count="3"/>
      <line num="46" type="stmt" count="4"/>
      <line num="47" type="stmt" count="4"/>
      <line num="48" type="stmt" count="3"/>
      <line num="49" type="stmt" count="4"/>
      <line num="50" type="stmt" count="4"/>
      <line num="58" type="method" name="toArray" visibility="public" complexity="1" crap="1" count="2"/>
      <line num="60" type="stmt" count="2"/>
      <line num="61" type="stmt" count="2"/>
      <line num="62" type="stmt" count="2"/>
      <line num="63" type="stmt" count="2"/>
      <line num="64" type="stmt" count="2"/>
      <line num="65" type="stmt" count="2"/>
      <line num="66" type="stmt" count="2"/>
      <line num="67" type="stmt" count="2"/>
      <metrics loc="70" ncloc="47" classes="1" methods="3" coveredmethods="3" conditionals="0" coveredconditionals="0" statements="21" coveredstatements="21" elements="24" coveredelements="24"/>
    </file>
    <file name="/home/stevo/dev/dmi/stanbic-bank-sdk/src/Domain/Account/StatementRequest.php">
      <class name="Stanbic\SDK\Domain\Account\StatementRequest" namespace="global">
        <metrics complexity="10" methods="5" coveredmethods="5" conditionals="0" coveredconditionals="0" statements="45" coveredstatements="45" elements="50" coveredelements="50"/>
      </class>
      <line num="23" type="method" name="__construct" visibility="public" complexity="1" crap="1" count="13"/>
      <line num="30" type="stmt" count="13"/>
      <line num="37" type="method" name="fromArray" visibility="public" complexity="5" crap="5" count="5"/>
      <line num="40" type="stmt" count="5"/>
      <line num="41" type="stmt" count="5"/>
      <line num="42" type="stmt" count="5"/>
      <line num="43" type="stmt" count="2"/>
      <line num="45" type="stmt" count="5"/>
      <line num="46" type="stmt" count="5"/>
      <line num="47" type="stmt" count="5"/>
      <line num="48" type="stmt" count="2"/>
      <line num="50" type="stmt" count="5"/>
      <line num="51" type="stmt" count="1"/>
      <line num="53" type="stmt" count="4"/>
      <line num="56" type="stmt" count="5"/>
      <line num="57" type="stmt" count="1"/>
      <line num="59" type="stmt" count="4"/>
      <line num="62" type="stmt" count="5"/>
      <line num="63" type="stmt" count="5"/>
      <line num="64" type="stmt" count="5"/>
      <line num="65" type="stmt" count="5"/>
      <line num="66" type="stmt" count="5"/>
      <line num="67" type="stmt" count="5"/>
      <line num="68" type="stmt" count="3"/>
      <line num="69" type="stmt" count="5"/>
      <line num="70" type="stmt" count="5"/>
      <line num="78" type="method" name="toArray" visibility="public" complexity="2" crap="2" count="3"/>
      <line num="80" type="stmt" count="3"/>
      <line num="81" type="stmt" count="3"/>
      <line num="82" type="stmt" count="3"/>
      <line num="83" type="stmt" count="3"/>
      <line num="84" type="stmt" count="3"/>
      <line num="85" type="stmt" count="3"/>
      <line num="87" type="stmt" count="3"/>
      <line num="88" type="stmt" count="2"/>
      <line num="91" type="stmt" count="3"/>
      <line num="97" type="method" name="forLastDays" visibility="public" complexity="1" crap="1" count="2"/>
      <line num="99" type="stmt" count="2"/>
      <line num="100" type="stmt" count="2"/>
      <line num="101" type="stmt" count="2"/>
      <line num="102" type="stmt" count="2"/>
      <line num="103" type="stmt" count="2"/>
      <line num="104" type="stmt" count="2"/>
      <line num="110" type="method" name="forCurrentMonth" visibility="public" complexity="1" crap="1" count="2"/>
      <line num="112" type="stmt" count="2"/>
      <line num="113" type="stmt" count="2"/>
      <line num="114" type="stmt" count="2"/>
      <line num="115" type="stmt" count="2"/>
      <line num="116" type="stmt" count="2"/>
      <line num="117" type="stmt" count="2"/>
      <metrics loc="120" ncloc="90" classes="1" methods="5" coveredmethods="5" conditionals="0" coveredconditionals="0" statements="45" coveredstatements="45" elements="50" coveredelements="50"/>
    </file>
    <file name="/home/stevo/dev/dmi/stanbic-bank-sdk/src/Domain/Account/StatementResponse.php">
      <class name="Stanbic\SDK\Domain\Account\StatementResponse" namespace="global">
        <metrics complexity="19" methods="11" coveredmethods="11" conditionals="0" coveredconditionals="0" statements="58" coveredstatements="58" elements="69" coveredelements="69"/>
      </class>
      <line num="22" type="method" name="__construct" visibility="public" complexity="1" crap="1" count="14"/>
      <line num="30" type="stmt" count="14"/>
      <line num="37" type="method" name="fromArray" visibility="public" complexity="9" crap="9" count="4"/>
      <line num="39" type="stmt" count="4"/>
      <line num="41" type="stmt" count="4"/>
      <line num="43" type="stmt" count="4"/>
      <line num="45" type="stmt" count="4"/>
      <line num="47" type="stmt" count="4"/>
      <line num="48" type="stmt" count="4"/>
      <line num="49" type="stmt" count="1"/>
      <line num="50" type="stmt" count="1"/>
      <line num="53" type="stmt" count="3"/>
      <line num="55" type="stmt" count="3"/>
      <line num="60" type="stmt" count="4"/>
      <line num="61" type="stmt" count="4"/>
      <line num="62" type="stmt" count="1"/>
      <line num="63" type="stmt" count="1"/>
      <line num="66" type="stmt" count="3"/>
      <line num="69" type="stmt" count="4"/>
      <line num="70" type="stmt" count="4"/>
      <line num="71" type="stmt" count="4"/>
      <line num="72" type="stmt" count="4"/>
      <line num="73" type="stmt" count="4"/>
      <line num="74" type="stmt" count="4"/>
      <line num="75" type="stmt" count="4"/>
      <line num="76" type="stmt" count="4"/>
      <line num="77" type="stmt" count="4"/>
      <line num="78" type="stmt" count="4"/>
      <line num="79" type="stmt" count="4"/>
      <line num="80" type="stmt" count="4"/>
      <line num="81" type="stmt" count="3"/>
      <line num="82" type="stmt" count="4"/>
      <line num="83" type="stmt" count="4"/>
      <line num="91" type="method" name="toArray" visibility="public" complexity="1" crap="1" count="2"/>
      <line num="93" type="stmt" count="2"/>
      <line num="94" type="stmt" count="2"/>
      <line num="95" type="stmt" count="2"/>
      <line num="96" type="stmt" count="2"/>
      <line num="97" type="stmt" count="2"/>
      <line num="98" type="stmt" count="2"/>
      <line num="99" type="stmt" count="2"/>
      <line num="100" type="stmt" count="2"/>
      <line num="101" type="stmt" count="2"/>
      <line num="102" type="stmt" count="2"/>
      <line num="103" type="stmt" count="2"/>
      <line num="109" type="method" name="count" visibility="public" complexity="1" crap="1" count="1"/>
      <line num="111" type="stmt" count="1"/>
      <line num="117" type="method" name="hasNext" visibility="public" complexity="1" crap="1" count="1"/>
      <line num="119" type="stmt" count="1"/>
      <line num="125" type="method" name="hasPrevious" visibility="public" complexity="1" crap="1" count="1"/>
      <line num="127" type="stmt" count="1"/>
      <line num="133" type="method" name="isEmpty" visibility="public" complexity="1" crap="1" count="1"/>
      <line num="135" type="stmt" count="1"/>
      <line num="143" type="method" name="getCredits" visibility="public" complexity="1" crap="1" count="2"/>
      <line num="145" type="stmt" count="2"/>
      <line num="153" type="method" name="getDebits" visibility="public" complexity="1" crap="1" count="2"/>
      <line num="155" type="stmt" count="2"/>
      <line num="161" type="method" name="getTotalCredits" visibility="public" complexity="1" crap="1" count="1"/>
      <line num="163" type="stmt" count="1"/>
      <line num="164" type="stmt" count="1"/>
      <line num="165" type="stmt" count="1"/>
      <line num="166" type="stmt" count="1"/>
      <line num="167" type="stmt" count="1"/>
      <line num="173" type="method" name="getTotalDebits" visibility="public" complexity="1" crap="1" count="1"/>
      <line num="175" type="stmt" count="1"/>
      <line num="176" type="stmt" count="1"/>
      <line num="177" type="stmt" count="1"/>
      <line num="178" type="stmt" count="1"/>
      <line num="179" type="stmt" count="1"/>
      <metrics loc="182" ncloc="127" classes="1" methods="11" coveredmethods="11" conditionals="0" coveredconditionals="0" statements="58" coveredstatements="58" elements="69" coveredelements="69"/>
    </file>
    <file name="/home/stevo/dev/dmi/stanbic-bank-sdk/src/Domain/Account/Transaction.php">
      <class name="Stanbic\SDK\Domain\Account\Transaction" namespace="global">
        <metrics complexity="15" methods="5" coveredmethods="5" conditionals="0" coveredconditionals="0" statements="35" coveredstatements="35" elements="40" coveredelements="40"/>
      </class>
      <line num="27" type="method" name="__construct" visibility="public" complexity="1" crap="1" count="22"/>
      <line num="38" type="stmt" count="22"/>
      <line num="45" type="method" name="fromArray" visibility="public" complexity="11" crap="11" count="8"/>
      <line num="48" type="stmt" count="8"/>
      <line num="49" type="stmt" count="8"/>
      <line num="50" type="stmt" count="1"/>
      <line num="51" type="stmt" count="7"/>
      <line num="53" type="stmt" count="8"/>
      <line num="54" type="stmt" count="8"/>
      <line num="55" type="stmt" count="8"/>
      <line num="56" type="stmt" count="8"/>
      <line num="57" type="stmt" count="8"/>
      <line num="58" type="stmt" count="8"/>
      <line num="59" type="stmt" count="8"/>
      <line num="60" type="stmt" count="3"/>
      <line num="61" type="stmt" count="8"/>
      <line num="62" type="stmt" count="8"/>
      <line num="63" type="stmt" count="3"/>
      <line num="64" type="stmt" count="8"/>
      <line num="65" type="stmt" count="8"/>
      <line num="66" type="stmt" count="3"/>
      <line num="67" type="stmt" count="8"/>
      <line num="68" type="stmt" count="8"/>
      <line num="69" type="stmt" count="8"/>
      <line num="77" type="method" name="toArray" visibility="public" complexity="1" crap="1" count="4"/>
      <line num="79" type="stmt" count="4"/>
      <line num="80" type="stmt" count="4"/>
      <line num="81" type="stmt" count="4"/>
      <line num="82" type="stmt" count="4"/>
      <line num="83" type="stmt" count="4"/>
      <line num="84" type="stmt" count="4"/>
      <line num="85" type="stmt" count="4"/>
      <line num="86" type="stmt" count="4"/>
      <line num="87" type="stmt" count="4"/>
      <line num="88" type="stmt" count="4"/>
      <line num="89" type="stmt" count="4"/>
      <line num="95" type="method" name="isDebit" visibility="public" complexity="1" crap="1" count="4"/>
      <line num="97" type="stmt" count="4"/>
      <line num="103" type="method" name="isCredit" visibility="public" complexity="1" crap="1" count="4"/>
      <line num="105" type="stmt" count="4"/>
      <metrics loc="108" ncloc="75" classes="1" methods="5" coveredmethods="5" conditionals="0" coveredconditionals="0" statements="35" coveredstatements="35" elements="40" coveredelements="40"/>
    </file>
    <file name="/home/stevo/dev/dmi/stanbic-bank-sdk/src/Domain/Account/TransactionStatusResponse.php">
      <class name="Stanbic\SDK\Domain\Account\TransactionStatusResponse" namespace="global">
        <metrics complexity="16" methods="6" coveredmethods="6" conditionals="0" coveredconditionals="0" statements="35" coveredstatements="35" elements="41" coveredelements="41"/>
      </class>
      <line num="22" type="method" name="__construct" visibility="public" complexity="1" crap="1" count="15"/>
      <line num="30" type="stmt" count="15"/>
      <line num="37" type="method" name="fromArray" visibility="public" complexity="11" crap="11" count="5"/>
      <line num="39" type="stmt" count="5"/>
      <line num="40" type="stmt" count="5"/>
      <line num="41" type="stmt" count="5"/>
      <line num="42" type="stmt" count="5"/>
      <line num="43" type="stmt" count="5"/>
      <line num="44" type="stmt" count="5"/>
      <line num="45" type="stmt" count="5"/>
      <line num="46" type="stmt" count="5"/>
      <line num="47" type="stmt" count="5"/>
      <line num="48" type="stmt" count="3"/>
      <line num="49" type="stmt" count="5"/>
      <line num="50" type="stmt" count="5"/>
      <line num="51" type="stmt" count="3"/>
      <line num="52" type="stmt" count="5"/>
      <line num="53" type="stmt" count="5"/>
      <line num="54" type="stmt" count="5"/>
      <line num="55" type="stmt" count="5"/>
      <line num="56" type="stmt" count="3"/>
      <line num="57" type="stmt" count="5"/>
      <line num="58" type="stmt" count="5"/>
      <line num="59" type="stmt" count="3"/>
      <line num="60" type="stmt" count="5"/>
      <line num="61" type="stmt" count="5"/>
      <line num="69" type="method" name="toArray" visibility="public" complexity="1" crap="1" count="2"/>
      <line num="71" type="stmt" count="2"/>
      <line num="72" type="stmt" count="2"/>
      <line num="73" type="stmt" count="2"/>
      <line num="74" type="stmt" count="2"/>
      <line num="75" type="stmt" count="2"/>
      <line num="76" type="stmt" count="2"/>
      <line num="77" type="stmt" count="2"/>
      <line num="78" type="stmt" count="2"/>
      <line num="84" type="method" name="isSuccess" visibility="public" complexity="1" crap="1" count="4"/>
      <line num="86" type="stmt" count="4"/>
      <line num="92" type="method" name="isPending" visibility="public" complexity="1" crap="1" count="6"/>
      <line num="94" type="stmt" count="6"/>
      <line num="100" type="method" name="isFailed" visibility="public" complexity="1" crap="1" count="6"/>
      <line num="102" type="stmt" count="6"/>
      <metrics loc="105" ncloc="73" classes="1" methods="6" coveredmethods="6" conditionals="0" coveredconditionals="0" statements="35" coveredstatements="35" elements="41" coveredelements="41"/>
    </file>
    <file name="/home/stevo/dev/dmi/stanbic-bank-sdk/src/Domain/Card/Card.php">
      <class name="Stanbic\SDK\Domain\Card\Card" namespace="global">
        <metrics complexity="17" methods="3" coveredmethods="3" conditionals="0" coveredconditionals="0" statements="26" coveredstatements="26" elements="29" coveredelements="29"/>
      </class>
      <line num="14" type="method" name="__construct" visibility="public" complexity="1" crap="1" count="22"/>
      <line num="23" type="stmt" count="22"/>
      <line num="28" type="method" name="fromArray" visibility="public" complexity="8" crap="8" count="8"/>
      <line num="30" type="stmt" count="8"/>
      <line num="31" type="stmt" count="8"/>
      <line num="32" type="stmt" count="8"/>
      <line num="33" type="stmt" count="8"/>
      <line num="34" type="stmt" count="8"/>
      <line num="35" type="stmt" count="8"/>
      <line num="36" type="stmt" count="8"/>
      <line num="37" type="stmt" count="8"/>
      <line num="38" type="stmt" count="8"/>
      <line num="44" type="method" name="toArray" visibility="public" complexity="8" crap="8" count="9"/>
      <line num="46" type="stmt" count="9"/>
      <line num="48" type="stmt" count="9"/>
      <line num="49" type="stmt" count="7"/>
      <line num="52" type="stmt" count="9"/>
      <line num="53" type="stmt" count="4"/>
      <line num="56" type="stmt" count="9"/>
      <line num="57" type="stmt" count="3"/>
      <line num="60" type="stmt" count="9"/>
      <line num="61" type="stmt" count="1"/>
      <line num="64" type="stmt" count="9"/>
      <line num="65" type="stmt" count="2"/>
      <line num="68" type="stmt" count="9"/>
      <line num="69" type="stmt" count="3"/>
      <line num="72" type="stmt" count="9"/>
      <line num="73" type="stmt" count="3"/>
      <line num="76" type="stmt" count="9"/>
      <metrics loc="79" ncloc="68" classes="1" methods="3" coveredmethods="3" conditionals="0" coveredconditionals="0" statements="26" coveredstatements="26" elements="29" coveredelements="29"/>
    </file>
    <file name="/home/stevo/dev/dmi/stanbic-bank-sdk/src/Domain/Card/CardDetailsRequest.php">
      <class name="Stanbic\SDK\Domain\Card\CardDetailsRequest" namespace="global">
        <metrics complexity="7" methods="3" coveredmethods="3" conditionals="0" coveredconditionals="0" statements="27" coveredstatements="27" elements="30" coveredelements="30"/>
      </class>
      <line num="14" type="method" name="__construct" visibility="public" complexity="1" crap="1" count="5"/>
      <line num="20" type="stmt" count="5"/>
      <line num="25" type="method" name="fromArray" visibility="public" complexity="5" crap="5" count="3"/>
      <line num="28" type="stmt" count="3"/>
      <line num="29" type="stmt" count="3"/>
      <line num="30" type="stmt" count="1"/>
      <line num="31" type="stmt" count="2"/>
      <line num="33" type="stmt" count="1"/>
      <line num="34" type="stmt" count="1"/>
      <line num="36" type="stmt" count="1"/>
      <line num="40" type="stmt" count="3"/>
      <line num="41" type="stmt" count="3"/>
      <line num="42" type="stmt" count="1"/>
      <line num="43" type="stmt" count="2"/>
      <line num="45" type="stmt" count="1"/>
      <line num="46" type="stmt" count="1"/>
      <line num="48" type="stmt" count="1"/>
      <line num="51" type="stmt" count="3"/>
      <line num="52" type="stmt" count="3"/>
      <line num="53" type="stmt" count="3"/>
      <line num="54" type="stmt" count="3"/>
      <line num="55" type="stmt" count="3"/>
      <line num="56" type="stmt" count="3"/>
      <line num="62" type="method" name="toArray" visibility="public" complexity="1" crap="1" count="1"/>
      <line num="64" type="stmt" count="1"/>
      <line num="65" type="stmt" count="1"/>
      <line num="66" type="stmt" count="1"/>
      <line num="67" type="stmt" count="1"/>
      <line num="68" type="stmt" count="1"/>
      <line num="69" type="stmt" count="1"/>
      <metrics loc="72" ncloc="57" classes="1" methods="3" coveredmethods="3" conditionals="0" coveredconditionals="0" statements="27" coveredstatements="27" elements="30" coveredelements="30"/>
    </file>
    <file name="/home/stevo/dev/dmi/stanbic-bank-sdk/src/Domain/Card/CardDetailsResponse.php">
      <class name="Stanbic\SDK\Domain\Card\CardDetailsResponse" namespace="global">
        <metrics complexity="9" methods="3" coveredmethods="3" conditionals="0" coveredconditionals="0" statements="33" coveredstatements="33" elements="36" coveredelements="36"/>
      </class>
      <line num="17" type="method" name="__construct" visibility="public" complexity="1" crap="1" count="6"/>
      <line num="23" type="stmt" count="6"/>
      <line num="28" type="method" name="fromArray" visibility="public" complexity="6" crap="6" count="3"/>
      <line num="31" type="stmt" count="3"/>
      <line num="32" type="stmt" count="3"/>
      <line num="33" type="stmt" count="1"/>
      <line num="34" type="stmt" count="2"/>
      <line num="36" type="stmt" count="1"/>
      <line num="37" type="stmt" count="1"/>
      <line num="39" type="stmt" count="1"/>
      <line num="43" type="stmt" count="3"/>
      <line num="44" type="stmt" count="3"/>
      <line num="45" type="stmt" count="1"/>
      <line num="46" type="stmt" count="2"/>
      <line num="48" type="stmt" count="1"/>
      <line num="49" type="stmt" count="1"/>
      <line num="51" type="stmt" count="1"/>
      <line num="55" type="stmt" count="3"/>
      <line num="56" type="stmt" count="3"/>
      <line num="57" type="stmt" count="3"/>
      <line num="58" type="stmt" count="1"/>
      <line num="61" type="stmt" count="3"/>
      <line num="62" type="stmt" count="3"/>
      <line num="63" type="stmt" count="3"/>
      <line num="64" type="stmt" count="3"/>
      <line num="65" type="stmt" count="3"/>
      <line num="66" type="stmt" count="3"/>
      <line num="72" type="method" name="toArray" visibility="public" complexity="2" crap="2" count="2"/>
      <line num="74" type="stmt" count="2"/>
      <line num="75" type="stmt" count="2"/>
      <line num="76" type="stmt" count="2"/>
      <line num="77" type="stmt" count="2"/>
      <line num="78" type="stmt" count="2"/>
      <line num="80" type="stmt" count="2"/>
      <line num="81" type="stmt" count="1"/>
      <line num="84" type="stmt" count="2"/>
      <metrics loc="87" ncloc="68" classes="1" methods="3" coveredmethods="3" conditionals="0" coveredconditionals="0" statements="33" coveredstatements="33" elements="36" coveredelements="36"/>
    </file>
    <file name="/home/stevo/dev/dmi/stanbic-bank-sdk/src/Domain/Card/CustomerCardDetailsRequest.php">
      <class name="Stanbic\SDK\Domain\Card\CustomerCardDetailsRequest" namespace="global">
        <metrics complexity="7" methods="3" coveredmethods="3" conditionals="0" coveredconditionals="0" statements="27" coveredstatements="27" elements="30" coveredelements="30"/>
      </class>
      <line num="14" type="method" name="__construct" visibility="public" complexity="1" crap="1" count="5"/>
      <line num="20" type="stmt" count="5"/>
      <line num="25" type="method" name="fromArray" visibility="public" complexity="5" crap="5" count="3"/>
      <line num="28" type="stmt" count="3"/>
      <line num="29" type="stmt" count="3"/>
      <line num="30" type="stmt" count="1"/>
      <line num="31" type="stmt" count="2"/>
      <line num="33" type="stmt" count="1"/>
      <line num="34" type="stmt" count="1"/>
      <line num="36" type="stmt" count="1"/>
      <line num="40" type="stmt" count="3"/>
      <line num="41" type="stmt" count="3"/>
      <line num="42" type="stmt" count="1"/>
      <line num="43" type="stmt" count="2"/>
      <line num="45" type="stmt" count="1"/>
      <line num="46" type="stmt" count="1"/>
      <line num="48" type="stmt" count="1"/>
      <line num="51" type="stmt" count="3"/>
      <line num="52" type="stmt" count="3"/>
      <line num="53" type="stmt" count="3"/>
      <line num="54" type="stmt" count="3"/>
      <line num="55" type="stmt" count="3"/>
      <line num="56" type="stmt" count="3"/>
      <line num="62" type="method" name="toArray" visibility="public" complexity="1" crap="1" count="1"/>
      <line num="64" type="stmt" count="1"/>
      <line num="65" type="stmt" count="1"/>
      <line num="66" type="stmt" count="1"/>
      <line num="67" type="stmt" count="1"/>
      <line num="68" type="stmt" count="1"/>
      <line num="69" type="stmt" count="1"/>
      <metrics loc="72" ncloc="57" classes="1" methods="3" coveredmethods="3" conditionals="0" coveredconditionals="0" statements="27" coveredstatements="27" elements="30" coveredelements="30"/>
    </file>
    <file name="/home/stevo/dev/dmi/stanbic-bank-sdk/src/Domain/Card/CustomerCardDetailsResponse.php">
      <class name="Stanbic\SDK\Domain\Card\CustomerCardDetailsResponse" namespace="global">
        <metrics complexity="9" methods="3" coveredmethods="3" conditionals="0" coveredconditionals="0" statements="31" coveredstatements="31" elements="34" coveredelements="34"/>
      </class>
      <line num="18" type="method" name="__construct" visibility="public" complexity="1" crap="1" count="6"/>
      <line num="24" type="stmt" count="6"/>
      <line num="29" type="method" name="fromArray" visibility="public" complexity="5" crap="5" count="3"/>
      <line num="32" type="stmt" count="3"/>
      <line num="33" type="stmt" count="3"/>
      <line num="34" type="stmt" count="1"/>
      <line num="35" type="stmt" count="2"/>
      <line num="37" type="stmt" count="1"/>
      <line num="38" type="stmt" count="1"/>
      <line num="40" type="stmt" count="1"/>
      <line num="44" type="stmt" count="3"/>
      <line num="45" type="stmt" count="3"/>
      <line num="46" type="stmt" count="3"/>
      <line num="47" type="stmt" count="1"/>
      <line num="51" type="stmt" count="3"/>
      <line num="52" type="stmt" count="3"/>
      <line num="53" type="stmt" count="3"/>
      <line num="54" type="stmt" count="1"/>
      <line num="57" type="stmt" count="3"/>
      <line num="58" type="stmt" count="3"/>
      <line num="59" type="stmt" count="3"/>
      <line num="60" type="stmt" count="3"/>
      <line num="61" type="stmt" count="3"/>
      <line num="62" type="stmt" count="3"/>
      <line num="68" type="method" name="toArray" visibility="public" complexity="3" crap="3" count="2"/>
      <line num="70" type="stmt" count="2"/>
      <line num="71" type="stmt" count="2"/>
      <line num="72" type="stmt" count="2"/>
      <line num="73" type="stmt" count="2"/>
      <line num="75" type="stmt" count="2"/>
      <line num="76" type="stmt" count="1"/>
      <line num="79" type="stmt" count="2"/>
      <line num="80" type="stmt" count="1"/>
      <line num="83" type="stmt" count="2"/>
      <metrics loc="86" ncloc="67" classes="1" methods="3" coveredmethods="3" conditionals="0" coveredconditionals="0" statements="31" coveredstatements="31" elements="34" coveredelements="34"/>
    </file>
    <file name="/home/stevo/dev/dmi/stanbic-bank-sdk/src/Domain/Card/Interaction.php">
      <class name="Stanbic\SDK\Domain\Card\Interaction" namespace="global">
        <metrics complexity="13" methods="3" coveredmethods="3" conditionals="0" coveredconditionals="0" statements="29" coveredstatements="29" elements="32" coveredelements="32"/>
      </class>
      <line num="14" type="method" name="__construct" visibility="public" complexity="1" crap="1" count="29"/>
      <line num="21" type="stmt" count="29"/>
      <line num="26" type="method" name="fromArray" visibility="public" complexity="6" crap="6" count="10"/>
      <line num="29" type="stmt" count="10"/>
      <line num="30" type="stmt" count="3"/>
      <line num="31" type="stmt" count="7"/>
      <line num="33" type="stmt" count="10"/>
      <line num="34" type="stmt" count="10"/>
      <line num="35" type="stmt" count="6"/>
      <line num="36" type="stmt" count="10"/>
      <line num="37" type="stmt" count="10"/>
      <line num="38" type="stmt" count="3"/>
      <line num="39" type="stmt" count="10"/>
      <line num="40" type="stmt" count="10"/>
      <line num="41" type="stmt" count="10"/>
      <line num="42" type="stmt" count="6"/>
      <line num="43" type="stmt" count="10"/>
      <line num="44" type="stmt" count="10"/>
      <line num="45" type="stmt" count="10"/>
      <line num="51" type="method" name="toArray" visibility="public" complexity="6" crap="6" count="11"/>
      <line num="53" type="stmt" count="11"/>
      <line num="55" type="stmt" count="11"/>
      <line num="56" type="stmt" count="9"/>
      <line num="59" type="stmt" count="11"/>
      <line num="60" type="stmt" count="1"/>
      <line num="63" type="stmt" count="11"/>
      <line num="64" type="stmt" count="1"/>
      <line num="67" type="stmt" count="11"/>
      <line num="68" type="stmt" count="2"/>
      <line num="71" type="stmt" count="11"/>
      <line num="72" type="stmt" count="6"/>
      <line num="75" type="stmt" count="11"/>
      <metrics loc="78" ncloc="66" classes="1" methods="3" coveredmethods="3" conditionals="0" coveredconditionals="0" statements="29" coveredstatements="29" elements="32" coveredelements="32"/>
    </file>
    <file name="/home/stevo/dev/dmi/stanbic-bank-sdk/src/Domain/Enum/BankStatus.php">
      <metrics loc="23" ncloc="18" classes="0" methods="0" coveredmethods="0" conditionals="0" coveredconditionals="0" statements="0" coveredstatements="0" elements="0" coveredelements="0"/>
    </file>
    <file name="/home/stevo/dev/dmi/stanbic-bank-sdk/src/Domain/Enum/NotificationType.php">
      <metrics loc="20" ncloc="15" classes="0" methods="0" coveredmethods="0" conditionals="0" coveredconditionals="0" statements="0" coveredstatements="0" elements="0" coveredelements="0"/>
    </file>
    <file name="/home/stevo/dev/dmi/stanbic-bank-sdk/src/Domain/Enum/PaymentScheme.php">
      <metrics loc="23" ncloc="18" classes="0" methods="0" coveredmethods="0" conditionals="0" coveredconditionals="0" statements="0" coveredstatements="0" elements="0" coveredelements="0"/>
    </file>
    <file name="/home/stevo/dev/dmi/stanbic-bank-sdk/src/Domain/Enum/SerializationFormat.php">
      <metrics loc="17" ncloc="12" classes="0" methods="0" coveredmethods="0" conditionals="0" coveredconditionals="0" statements="0" coveredstatements="0" elements="0" coveredelements="0"/>
    </file>
    <file name="/home/stevo/dev/dmi/stanbic-bank-sdk/src/Domain/Enum/TransactionType.php">
      <metrics loc="22" ncloc="17" classes="0" methods="0" coveredmethods="0" conditionals="0" coveredconditionals="0" statements="0" coveredstatements="0" elements="0" coveredelements="0"/>
    </file>
    <file name="/home/stevo/dev/dmi/stanbic-bank-sdk/src/Domain/Enum/TransferFrequency.php">
      <metrics loc="21" ncloc="16" classes="0" methods="0" coveredmethods="0" conditionals="0" coveredconditionals="0" statements="0" coveredstatements="0" elements="0" coveredelements="0"/>
    </file>
    <file name="/home/stevo/dev/dmi/stanbic-bank-sdk/src/Domain/Exception/ApiErrorMapping.php">
      <class name="Stanbic\SDK\Domain\Exception\ApiErrorMapping" namespace="global">
        <metrics complexity="8" methods="3" coveredmethods="3" conditionals="0" coveredconditionals="0" statements="12" coveredstatements="12" elements="15" coveredelements="15"/>
      </class>
      <line num="26" type="method" name="__construct" visibility="private" complexity="1" crap="1" count="1"/>
      <line num="28" type="stmt" count="1"/>
      <line num="30" type="method" name="fromError" visibility="public" complexity="3" crap="3" count="6"/>
      <line num="35" type="stmt" count="6"/>
      <line num="36" type="stmt" count="3"/>
      <line num="37" type="stmt" count="3"/>
      <line num="40" type="stmt" count="3"/>
      <line num="43" type="method" name="fromStatusCode" visibility="public" complexity="4" crap="4" count="7"/>
      <line num="47" type="stmt" count="7"/>
      <line num="48" type="stmt" count="6"/>
      <line num="49" type="stmt" count="2"/>
      <line num="52" type="stmt" count="4"/>
      <line num="53" type="stmt" count="2"/>
      <line num="54" type="stmt" count="2"/>
      <line num="58" type="stmt" count="3"/>
      <metrics loc="61" ncloc="59" classes="1" methods="3" coveredmethods="3" conditionals="0" coveredconditionals="0" statements="12" coveredstatements="12" elements="15" coveredelements="15"/>
    </file>
    <file name="/home/stevo/dev/dmi/stanbic-bank-sdk/src/Domain/Exception/ConflictException.php">
      <class name="Stanbic\SDK\Domain\Exception\ConflictException" namespace="global">
        <metrics complexity="1" methods="1" coveredmethods="1" conditionals="0" coveredconditionals="0" statements="1" coveredstatements="1" elements="2" coveredelements="2"/>
      </class>
      <line num="9" type="method" name="defaultStatusCode" visibility="protected" complexity="1" crap="1" count="1"/>
      <line num="11" type="stmt" count="1"/>
      <metrics loc="14" ncloc="14" classes="1" methods="1" coveredmethods="1" conditionals="0" coveredconditionals="0" statements="1" coveredstatements="1" elements="2" coveredelements="2"/>
    </file>
    <file name="/home/stevo/dev/dmi/stanbic-bank-sdk/src/Domain/Exception/DuplicateTransactionException.php">
      <class name="Stanbic\SDK\Domain\Exception\DuplicateTransactionException" namespace="global">
        <metrics complexity="1" methods="1" coveredmethods="1" conditionals="0" coveredconditionals="0" statements="1" coveredstatements="1" elements="2" coveredelements="2"/>
      </class>
      <line num="9" type="method" name="defaultStatusCode" visibility="protected" complexity="1" crap="1" count="1"/>
      <line num="11" type="stmt" count="1"/>
      <metrics loc="14" ncloc="14" classes="1" methods="1" coveredmethods="1" conditionals="0" coveredconditionals="0" statements="1" coveredstatements="1" elements="2" coveredelements="2"/>
    </file>
    <file name="/home/stevo/dev/dmi/stanbic-bank-sdk/src/Domain/Exception/ForbiddenException.php">
      <class name="Stanbic\SDK\Domain\Exception\ForbiddenException" namespace="global">
        <metrics complexity="1" methods="1" coveredmethods="1" conditionals="0" coveredconditionals="0" statements="1" coveredstatements="1" elements="2" coveredelements="2"/>
      </class>
      <line num="9" type="method" name="defaultStatusCode" visibility="protected" complexity="1" crap="1" count="1"/>
      <line num="11" type="stmt" count="1"/>
      <metrics loc="14" ncloc="14" classes="1" methods="1" coveredmethods="1" conditionals="0" coveredconditionals="0" statements="1" coveredstatements="1" elements="2" coveredelements="2"/>
    </file>
    <file name="/home/stevo/dev/dmi/stanbic-bank-sdk/src/Domain/Exception/InsufficientFundsException.php">
      <class name="Stanbic\SDK\Domain\Exception\InsufficientFundsException" namespace="global">
        <metrics complexity="1" methods="1" coveredmethods="1" conditionals="0" coveredconditionals="0" statements="1" coveredstatements="1" elements="2" coveredelements="2"/>
      </class>
      <line num="9" type="method" name="defaultStatusCode" visibility="protected" complexity="1" crap="1" count="1"/>
      <line num="11" type="stmt" count="1"/>
      <metrics loc="14" ncloc="14" classes="1" methods="1" coveredmethods="1" conditionals="0" coveredconditionals="0" statements="1" coveredstatements="1" elements="2" coveredelements="2"/>
    </file>
    <file name="/home/stevo/dev/dmi/stanbic-bank-sdk/src/Domain/Exception/InvalidAccountException.php">
      <class name="Stanbic\SDK\Domain\Exception\InvalidAccountException" namespace="global">
        <metrics complexity="1" methods="1" coveredmethods="1" conditionals="0" coveredconditionals="0" statements="1" coveredstatements="1" elements="2" coveredelements="2"/>
      </class>
      <line num="9" type="method" name="defaultStatusCode" visibility="protected" complexity="1" crap="1" count="1"/>
      <line num="11" type="stmt" count="1"/>
      <metrics loc="14" ncloc="14" classes="1" methods="1" coveredmethods="1" conditionals="0" coveredconditionals="0" statements="1" coveredstatements="1" elements="2" coveredelements="2"/>
    </file>
    <file name="/home/stevo/dev/dmi/stanbic-bank-sdk/src/Domain/Exception/InvalidRequestException.php">
      <class name="Stanbic\SDK\Domain\Exception\InvalidRequestException" namespace="global">
        <metrics complexity="1" methods="1" coveredmethods="1" conditionals="0" coveredconditionals="0" statements="1" coveredstatements="1" elements="2" coveredelements="2"/>
      </class>
      <line num="9" type="method" name="defaultStatusCode" visibility="protected" complexity="1" crap="1" count="1"/>
      <line num="11" type="stmt" count="1"/>
      <metrics loc="14" ncloc="14" classes="1" methods="1" coveredmethods="1" conditionals="0" coveredconditionals="0" statements="1" coveredstatements="1" elements="2" coveredelements="2"/>
    </file>
    <file name="/home/stevo/dev/dmi/stanbic-bank-sdk/src/Domain/Exception/NetworkException.php">
      <class name="Stanbic\SDK\Domain\Exception\NetworkException" namespace="global">
        <metrics complexity="0" methods="0" coveredmethods="0" conditionals="0" coveredconditionals="0" statements="0" coveredstatements="0" elements="0" coveredelements="0"/>
      </class>
      <metrics loc="10" ncloc="10" classes="0" methods="0" coveredmethods="0" conditionals="0" coveredconditionals="0" statements="0" coveredstatements="0" elements="0" coveredelements="0"/>
    </file>
    <file name="/home/stevo/dev/dmi/stanbic-bank-sdk/src/Domain/Exception/NotFoundException.php">
      <class name="Stanbic\SDK\Domain\Exception\NotFoundException" namespace="global">
        <metrics complexity="1" methods="1" coveredmethods="1" conditionals="0" coveredconditionals="0" statements="1" coveredstatements="1" elements="2" coveredelements="2"/>
      </class>
      <line num="9" type="method" name="defaultStatusCode" visibility="protected" complexity="1" crap="1" count="1"/>
      <line num="11" type="stmt" count="1"/>
      <metrics loc="14" ncloc="14" classes="1" methods="1" coveredmethods="1" conditionals="0" coveredconditionals="0" statements="1" coveredstatements="1" elements="2" coveredelements="2"/>
    </file>
    <file name="/home/stevo/dev/dmi/stanbic-bank-sdk/src/Domain/Exception/ServerErrorException.php">
      <class name="Stanbic\SDK\Domain\Exception\ServerErrorException" namespace="global">
        <metrics complexity="1" methods="1" coveredmethods="1" conditionals="0" coveredconditionals="0" statements="1" coveredstatements="1" elements="2" coveredelements="2"/>
      </class>
      <line num="9" type="method" name="defaultStatusCode" visibility="protected" complexity="1" crap="1" count="1"/>
      <line num="11" type="stmt" count="1"/>
      <metrics loc="14" ncloc="14" classes="1" methods="1" coveredmethods="1" conditionals="0" coveredconditionals="0" statements="1" coveredstatements="1" elements="2" coveredelements="2"/>
    </file>
    <file name="/home/stevo/dev/dmi/stanbic-bank-sdk/src/Domain/Exception/StanbicException.php">
      <class name="Stanbic\SDK\Domain\Exception\StanbicException" namespace="global">
        <metrics complexity="3" methods="3" coveredmethods="3" conditionals="0" coveredconditionals="0" statements="4" coveredstatements="4" elements="7" coveredelements="7"/>
      </class>
      <line num="14" type="method" name="__construct" visibility="public" complexity="1" crap="1" count="13"/>
      <line num="20" type="stmt" count="13"/>
      <line num="21" type="stmt" count="13"/>
      <line num="24" type="method" name="getStatusCode" visibility="public" complexity="1" crap="1" count="3"/>
      <line num="26" type="stmt" count="3"/>
      <line num="29" type="method" name="defaultStatusCode" visibility="protected" complexity="1" crap="1" count="3"/>
      <line num="31" type="stmt" count="3"/>
      <metrics loc="34" ncloc="34" classes="1" methods="3" coveredmethods="3" conditionals="0" coveredconditionals="0" statements="4" coveredstatements="4" elements="7" coveredelements="7"/>
    </file>
    <file name="/home/stevo/dev/dmi/stanbic-bank-sdk/src/Domain/Exception/TimeoutException.php">
      <class name="Stanbic\SDK\Domain\Exception\TimeoutException" namespace="global">
        <metrics complexity="1" methods="1" coveredmethods="1" conditionals="0" coveredconditionals="0" statements="1" coveredstatements="1" elements="2" coveredelements="2"/>
      </class>
      <line num="9" type="method" name="defaultStatusCode" visibility="protected" complexity="1" crap="1" count="1"/>
      <line num="11" type="stmt" count="1"/>
      <metrics loc="14" ncloc="14" classes="1" methods="1" coveredmethods="1" conditionals="0" coveredconditionals="0" statements="1" coveredstatements="1" elements="2" coveredelements="2"/>
    </file>
    <file name="/home/stevo/dev/dmi/stanbic-bank-sdk/src/Domain/Exception/UnauthorizedException.php">
      <class name="Stanbic\SDK\Domain\Exception\UnauthorizedException" namespace="global">
        <metrics complexity="1" methods="1" coveredmethods="1" conditionals="0" coveredconditionals="0" statements="1" coveredstatements="1" elements="2" coveredelements="2"/>
      </class>
      <line num="9" type="method" name="defaultStatusCode" visibility="protected" complexity="1" crap="1" count="1"/>
      <line num="11" type="stmt" count="1"/>
      <metrics loc="14" ncloc="14" classes="1" methods="1" coveredmethods="1" conditionals="0" coveredconditionals="0" statements="1" coveredstatements="1" elements="2" coveredelements="2"/>
    </file>
    <file name="/home/stevo/dev/dmi/stanbic-bank-sdk/src/Domain/Notification/RegisterUrlRequest.php">
      <class name="Stanbic\SDK\Domain\Notification\RegisterUrlRequest" namespace="global">
        <metrics complexity="9" methods="3" coveredmethods="3" conditionals="0" coveredconditionals="0" statements="24" coveredstatements="24" elements="27" coveredelements="27"/>
      </class>
      <line num="14" type="method" name="__construct" visibility="public" complexity="1" crap="1" count="5"/>
      <line num="22" type="stmt" count="5"/>
      <line num="27" type="method" name="fromArray" visibility="public" complexity="5" crap="5" count="2"/>
      <line num="29" type="stmt" count="2"/>
      <line num="30" type="stmt" count="2"/>
      <line num="31" type="stmt" count="2"/>
      <line num="32" type="stmt" count="2"/>
      <line num="33" type="stmt" count="2"/>
      <line num="34" type="stmt" count="2"/>
      <line num="35" type="stmt" count="1"/>
      <line num="36" type="stmt" count="2"/>
      <line num="37" type="stmt" count="2"/>
      <line num="38" type="stmt" count="1"/>
      <line num="39" type="stmt" count="2"/>
      <line num="40" type="stmt" count="2"/>
      <line num="46" type="method" name="toArray" visibility="public" complexity="3" crap="3" count="2"/>
      <line num="48" type="stmt" count="2"/>
      <line num="49" type="stmt" count="2"/>
      <line num="50" type="stmt" count="2"/>
      <line num="51" type="stmt" count="2"/>
      <line num="52" type="stmt" count="2"/>
      <line num="53" type="stmt" count="2"/>
      <line num="55" type="stmt" count="2"/>
      <line num="56" type="stmt" count="1"/>
      <line num="59" type="stmt" count="2"/>
      <line num="60" type="stmt" count="1"/>
      <line num="63" type="stmt" count="2"/>
      <metrics loc="66" ncloc="55" classes="1" methods="3" coveredmethods="3" conditionals="0" coveredconditionals="0" statements="24" coveredstatements="24" elements="27" coveredelements="27"/>
    </file>
    <file name="/home/stevo/dev/dmi/stanbic-bank-sdk/src/Domain/Notification/RegisterUrlResponse.php">
      <class name="Stanbic\SDK\Domain\Notification\RegisterUrlResponse" namespace="global">
        <metrics complexity="3" methods="3" coveredmethods="3" conditionals="0" coveredconditionals="0" statements="11" coveredstatements="11" elements="14" coveredelements="14"/>
      </class>
      <line num="14" type="method" name="__construct" visibility="public" complexity="1" crap="1" count="4"/>
      <line num="19" type="stmt" count="4"/>
      <line num="24" type="method" name="fromArray" visibility="public" complexity="1" crap="1" count="2"/>
      <line num="26" type="stmt" count="2"/>
      <line num="27" type="stmt" count="2"/>
      <line num="28" type="stmt" count="2"/>
      <line num="29" type="stmt" count="2"/>
      <line num="30" type="stmt" count="2"/>
      <line num="36" type="method" name="toArray" visibility="public" complexity="1" crap="1" count="1"/>
      <line num="38" type="stmt" count="1"/>
      <line num="39" type="stmt" count="1"/>
      <line num="40" type="stmt" count="1"/>
      <line num="41" type="stmt" count="1"/>
      <line num="42" type="stmt" count="1"/>
      <metrics loc="45" ncloc="34" classes="1" methods="3" coveredmethods="3" conditionals="0" coveredconditionals="0" statements="11" coveredstatements="11" elements="14" coveredelements="14"/>
    </file>
    <file name="/home/stevo/dev/dmi/stanbic-bank-sdk/src/Domain/Notification/SmsEmailNotificationRequest.php">
      <class name="Stanbic\SDK\Domain\Notification\SmsEmailNotificationRequest" namespace="global">
        <metrics complexity="15" methods="3" coveredmethods="3" conditionals="0" coveredconditionals="0" statements="34" coveredstatements="34" elements="37" coveredelements="37"/>
      </class>
      <line num="14" type="method" name="__construct" visibility="public" complexity="1" crap="1" count="5"/>
      <line num="24" type="stmt" count="5"/>
      <line num="29" type="method" name="fromArray" visibility="public" complexity="9" crap="9" count="2"/>
      <line num="31" type="stmt" count="2"/>
      <line num="32" type="stmt" count="2"/>
      <line num="33" type="stmt" count="2"/>
      <line num="34" type="stmt" count="2"/>
      <line num="35" type="stmt" count="2"/>
      <line num="36" type="stmt" count="2"/>
      <line num="37" type="stmt" count="1"/>
      <line num="38" type="stmt" count="2"/>
      <line num="39" type="stmt" count="2"/>
      <line num="40" type="stmt" count="1"/>
      <line num="41" type="stmt" count="2"/>
      <line num="42" type="stmt" count="2"/>
      <line num="43" type="stmt" count="1"/>
      <line num="44" type="stmt" count="2"/>
      <line num="45" type="stmt" count="2"/>
      <line num="46" type="stmt" count="1"/>
      <line num="47" type="stmt" count="2"/>
      <line num="48" type="stmt" count="2"/>
      <line num="54" type="method" name="toArray" visibility="public" complexity="5" crap="5" count="2"/>
      <line num="56" type="stmt" count="2"/>
      <line num="57" type="stmt" count="2"/>
      <line num="58" type="stmt" count="2"/>
      <line num="59" type="stmt" count="2"/>
      <line num="60" type="stmt" count="2"/>
      <line num="61" type="stmt" count="2"/>
      <line num="63" type="stmt" count="2"/>
      <line num="64" type="stmt" count="1"/>
      <line num="67" type="stmt" count="2"/>
      <line num="68" type="stmt" count="1"/>
      <line num="71" type="stmt" count="2"/>
      <line num="72" type="stmt" count="1"/>
      <line num="75" type="stmt" count="2"/>
      <line num="76" type="stmt" count="1"/>
      <line num="79" type="stmt" count="2"/>
      <metrics loc="82" ncloc="71" classes="1" methods="3" coveredmethods="3" conditionals="0" coveredconditionals="0" statements="34" coveredstatements="34" elements="37" coveredelements="37"/>
    </file>
    <file name="/home/stevo/dev/dmi/stanbic-bank-sdk/src/Domain/Notification/SmsEmailNotificationResponse.php">
      <class name="Stanbic\SDK\Domain\Notification\SmsEmailNotificationResponse" namespace="global">
        <metrics complexity="3" methods="3" coveredmethods="3" conditionals="0" coveredconditionals="0" statements="11" coveredstatements="11" elements="14" coveredelements="14"/>
      </class>
      <line num="14" type="method" name="__construct" visibility="public" complexity="1" crap="1" count="4"/>
      <line num="19" type="stmt" count="4"/>
      <line num="24" type="method" name="fromArray" visibility="public" complexity="1" crap="1" count="2"/>
      <line num="26" type="stmt" count="2"/>
      <line num="27" type="stmt" count="2"/>
      <line num="28" type="stmt" count="2"/>
      <line num="29" type="stmt" count="2"/>
      <line num="30" type="stmt" count="2"/>
      <line num="36" type="method" name="toArray" visibility="public" complexity="1" crap="1" count="1"/>
      <line num="38" type="stmt" count="1"/>
      <line num="39" type="stmt" count="1"/>
      <line num="40" type="stmt" count="1"/>
      <line num="41" type="stmt" count="1"/>
      <line num="42" type="stmt" count="1"/>
      <metrics loc="45" ncloc="34" classes="1" methods="3" coveredmethods="3" conditionals="0" coveredconditionals="0" statements="11" coveredstatements="11" elements="14" coveredelements="14"/>
    </file>
    <file name="/home/stevo/dev/dmi/stanbic-bank-sdk/src/Domain/Notification/TransactionNotificationRequest.php">
      <class name="Stanbic\SDK\Domain\Notification\TransactionNotificationRequest" namespace="global">
        <metrics complexity="76" methods="3" coveredmethods="3" conditionals="0" coveredconditionals="0" statements="135" coveredstatements="135" elements="138" coveredelements="138"/>
      </class>
      <line num="14" type="method" name="__construct" visibility="public" complexity="1" crap="1" count="7"/>
      <line num="41" type="stmt" count="7"/>
      <line num="46" type="method" name="fromArray" visibility="public" complexity="50" crap="50" count="3"/>
      <line num="49" type="stmt" count="3"/>
      <line num="51" type="stmt" count="3"/>
      <line num="52" type="stmt" count="3"/>
      <line num="53" type="stmt" count="3"/>
      <line num="54" type="stmt" count="3"/>
      <line num="55" type="stmt" count="3"/>
      <line num="56" type="stmt" count="3"/>
      <line num="57" type="stmt" count="2"/>
      <line num="58" type="stmt" count="3"/>
      <line num="59" type="stmt" count="3"/>
      <line num="60" type="stmt" count="2"/>
      <line num="61" type="stmt" count="3"/>
      <line num="62" type="stmt" count="3"/>
      <line num="63" type="stmt" count="1"/>
      <line num="64" type="stmt" count="3"/>
      <line num="65" type="stmt" count="3"/>
      <line num="66" type="stmt" count="1"/>
      <line num="67" type="stmt" count="3"/>
      <line num="68" type="stmt" count="3"/>
      <line num="69" type="stmt" count="1"/>
      <line num="70" type="stmt" count="3"/>
      <line num="71" type="stmt" count="3"/>
      <line num="72" type="stmt" count="1"/>
      <line num="73" type="stmt" count="3"/>
      <line num="74" type="stmt" count="3"/>
      <line num="75" type="stmt" count="1"/>
      <line num="76" type="stmt" count="3"/>
      <line num="77" type="stmt" count="3"/>
      <line num="78" type="stmt" count="1"/>
      <line num="79" type="stmt" count="3"/>
      <line num="80" type="stmt" count="3"/>
      <line num="81" type="stmt" count="1"/>
      <line num="82" type="stmt" count="3"/>
      <line num="83" type="stmt" count="3"/>
      <line num="84" type="stmt" count="1"/>
      <line num="85" type="stmt" count="3"/>
      <line num="86" type="stmt" count="3"/>
      <line num="87" type="stmt" count="2"/>
      <line num="88" type="stmt" count="3"/>
      <line num="89" type="stmt" count="3"/>
      <line num="90" type="stmt" count="1"/>
      <line num="91" type="stmt" count="3"/>
      <line num="92" type="stmt" count="3"/>
      <line num="93" type="stmt" count="1"/>
      <line num="94" type="stmt" count="3"/>
      <line num="95" type="stmt" count="3"/>
      <line num="96" type="stmt" count="3"/>
      <line num="97" type="stmt" count="3"/>
      <line num="98" type="stmt" count="3"/>
      <line num="99" type="stmt" count="1"/>
      <line num="100" type="stmt" count="1"/>
      <line num="101" type="stmt" count="1"/>
      <line num="102" type="stmt" count="1"/>
      <line num="103" type="stmt" count="3"/>
      <line num="104" type="stmt" count="3"/>
      <line num="105" type="stmt" count="1"/>
      <line num="106" type="stmt" count="3"/>
      <line num="107" type="stmt" count="3"/>
      <line num="108" type="stmt" count="1"/>
      <line num="109" type="stmt" count="3"/>
      <line num="110" type="stmt" count="3"/>
      <line num="111" type="stmt" count="1"/>
      <line num="112" type="stmt" count="3"/>
      <line num="113" type="stmt" count="3"/>
      <line num="114" type="stmt" count="1"/>
      <line num="115" type="stmt" count="3"/>
      <line num="116" type="stmt" count="3"/>
      <line num="117" type="stmt" count="1"/>
      <line num="118" type="stmt" count="3"/>
      <line num="119" type="stmt" count="3"/>
      <line num="120" type="stmt" count="1"/>
      <line num="121" type="stmt" count="3"/>
      <line num="122" type="stmt" count="3"/>
      <line num="123" type="stmt" count="1"/>
      <line num="124" type="stmt" count="3"/>
      <line num="125" type="stmt" count="3"/>
      <line num="126" type="stmt" count="1"/>
      <line num="127" type="stmt" count="3"/>
      <line num="128" type="stmt" count="3"/>
      <line num="129" type="stmt" count="1"/>
      <line num="130" type="stmt" count="3"/>
      <line num="131" type="stmt" count="3"/>
      <line num="137" type="method" name="toArray" visibility="public" complexity="25" crap="25" count="3"/>
      <line num="139" type="stmt" count="3"/>
      <line num="140" type="stmt" count="3"/>
      <line num="141" type="stmt" count="3"/>
      <line num="143" type="stmt" count="3"/>
      <line num="144" type="stmt" count="2"/>
      <line num="147" type="stmt" count="3"/>
      <line num="148" type="stmt" count="2"/>
      <line num="151" type="stmt" count="3"/>
      <line num="152" type="stmt" count="2"/>
      <line num="155" type="stmt" count="3"/>
      <line num="156" type="stmt" count="2"/>
      <line num="159" type="stmt" count="3"/>
      <line num="160" type="stmt" count="1"/>
      <line num="163" type="stmt" count="3"/>
      <line num="164" type="stmt" count="1"/>
      <line num="167" type="stmt" count="3"/>
      <line num="168" type="stmt" count="1"/>
      <line num="171" type="stmt" count="3"/>
      <line num="172" type="stmt" count="1"/>
      <line num="175" type="stmt" count="3"/>
      <line num="176" type="stmt" count="1"/>
      <line num="179" type="stmt" count="3"/>
      <line num="180" type="stmt" count="1"/>
      <line num="183" type="stmt" count="3"/>
      <line num="184" type="stmt" count="1"/>
      <line num="187" type="stmt" count="3"/>
      <line num="188" type="stmt" count="1"/>
      <line num="191" type="stmt" count="3"/>
      <line num="192" type="stmt" count="1"/>
      <line num="195" type="stmt" count="3"/>
      <line num="196" type="stmt" count="1"/>
      <line num="199" type="stmt" count="3"/>
      <line num="200" type="stmt" count="1"/>
      <line num="203" type="stmt" count="3"/>
      <line num="204" type="stmt" count="1"/>
      <line num="207" type="stmt" count="3"/>
      <line num="208" type="stmt" count="1"/>
      <line num="211" type="stmt" count="3"/>
      <line num="212" type="stmt" count="1"/>
      <line num="215" type="stmt" count="3"/>
      <line num="216" type="stmt" count="1"/>
      <line num="219" type="stmt" count="3"/>
      <line num="220" type="stmt" count="1"/>
      <line num="223" type="stmt" count="3"/>
      <line num="224" type="stmt" count="1"/>
      <line num="227" type="stmt" count="3"/>
      <line num="228" type="stmt" count="1"/>
      <line num="231" type="stmt" count="3"/>
      <line num="232" type="stmt" count="1"/>
      <line num="235" type="stmt" count="3"/>
      <line num="236" type="stmt" count="1"/>
      <line num="239" type="stmt" count="3"/>
      <metrics loc="242" ncloc="230" classes="1" methods="3" coveredmethods="3" conditionals="0" coveredconditionals="0" statements="135" coveredstatements="135" elements="138" coveredelements="138"/>
    </file>
    <file name="/home/stevo/dev/dmi/stanbic-bank-sdk/src/Domain/Notification/TransactionNotificationResponse.php">
      <class name="Stanbic\SDK\Domain\Notification\TransactionNotificationResponse" namespace="global">
        <metrics complexity="3" methods="3" coveredmethods="3" conditionals="0" coveredconditionals="0" statements="12" coveredstatements="12" elements="15" coveredelements="15"/>
      </class>
      <line num="14" type="method" name="__construct" visibility="public" complexity="1" crap="1" count="5"/>
      <line num="18" type="stmt" count="5"/>
      <line num="23" type="method" name="fromArray" visibility="public" complexity="1" crap="1" count="3"/>
      <line num="26" type="stmt" count="3"/>
      <line num="28" type="stmt" count="3"/>
      <line num="29" type="stmt" count="3"/>
      <line num="30" type="stmt" count="3"/>
      <line num="31" type="stmt" count="3"/>
      <line num="37" type="method" name="toArray" visibility="public" complexity="1" crap="1" count="1"/>
      <line num="39" type="stmt" count="1"/>
      <line num="40" type="stmt" count="1"/>
      <line num="41" type="stmt" count="1"/>
      <line num="42" type="stmt" count="1"/>
      <line num="43" type="stmt" count="1"/>
      <line num="44" type="stmt" count="1"/>
      <metrics loc="47" ncloc="35" classes="1" methods="3" coveredmethods="3" conditionals="0" coveredconditionals="0" statements="12" coveredstatements="12" elements="15" coveredelements="15"/>
    </file>
    <file name="/home/stevo/dev/dmi/stanbic-bank-sdk/src/Domain/Pagination/Page.php">
      <class name="Stanbic\SDK\Domain\Pagination\Page" namespace="global">
        <metrics complexity="12" methods="9" coveredmethods="9" conditionals="0" coveredconditionals="0" statements="21" coveredstatements="21" elements="30" coveredelements="30"/>
      </class>
      <line num="20" type="method" name="__construct" visibility="public" complexity="4" crap="4" count="61"/>
      <line num="24" type="stmt" count="61"/>
      <line num="25" type="stmt" count="1"/>
      <line num="28" type="stmt" count="60"/>
      <line num="29" type="stmt" count="2"/>
      <line num="32" type="stmt" count="58"/>
      <line num="33" type="stmt" count="1"/>
      <line num="40" type="method" name="default" visibility="public" complexity="1" crap="1" count="23"/>
      <line num="42" type="stmt" count="23"/>
      <line num="48" type="method" name="of" visibility="public" complexity="1" crap="1" count="20"/>
      <line num="50" type="stmt" count="20"/>
      <line num="56" type="method" name="getFrom" visibility="public" complexity="1" crap="1" count="1"/>
      <line num="58" type="stmt" count="1"/>
      <line num="64" type="method" name="getSize" visibility="public" complexity="1" crap="1" count="1"/>
      <line num="66" type="stmt" count="1"/>
      <line num="72" type="method" name="next" visibility="public" complexity="1" crap="1" count="5"/>
      <line num="74" type="stmt" count="5"/>
      <line num="75" type="stmt" count="5"/>
      <line num="76" type="stmt" count="5"/>
      <line num="77" type="stmt" count="5"/>
      <line num="83" type="method" name="previous" visibility="public" complexity="1" crap="1" count="3"/>
      <line num="85" type="stmt" count="3"/>
      <line num="86" type="stmt" count="3"/>
      <line num="92" type="method" name="isFirst" visibility="public" complexity="1" crap="1" count="4"/>
      <line num="94" type="stmt" count="4"/>
      <line num="102" type="method" name="toArray" visibility="public" complexity="1" crap="1" count="1"/>
      <line num="104" type="stmt" count="1"/>
      <line num="105" type="stmt" count="1"/>
      <line num="106" type="stmt" count="1"/>
      <line num="107" type="stmt" count="1"/>
      <metrics loc="110" ncloc="73" classes="1" methods="9" coveredmethods="9" conditionals="0" coveredconditionals="0" statements="21" coveredstatements="21" elements="30" coveredelements="30"/>
    </file>
    <file name="/home/stevo/dev/dmi/stanbic-bank-sdk/src/Domain/Pagination/PagedResult.php">
      <class name="Stanbic\SDK\Domain\Pagination\PagedResult" namespace="global">
        <metrics complexity="12" methods="11" coveredmethods="11" conditionals="0" coveredconditionals="0" statements="17" coveredstatements="17" elements="28" coveredelements="28"/>
      </class>
      <line num="22" type="method" name="__construct" visibility="public" complexity="1" crap="1" count="35"/>
      <line num="27" type="stmt" count="35"/>
      <line num="38" type="method" name="of" visibility="public" complexity="1" crap="1" count="34"/>
      <line num="40" type="stmt" count="34"/>
      <line num="41" type="stmt" count="34"/>
      <line num="42" type="stmt" count="34"/>
      <line num="43" type="stmt" count="34"/>
      <line num="44" type="stmt" count="34"/>
      <line num="52" type="method" name="getItems" visibility="public" complexity="1" crap="1" count="16"/>
      <line num="54" type="stmt" count="16"/>
      <line num="60" type="method" name="getTotalElements" visibility="public" complexity="1" crap="1" count="15"/>
      <line num="62" type="stmt" count="15"/>
      <line num="68" type="method" name="getPage" visibility="public" complexity="1" crap="1" count="2"/>
      <line num="70" type="stmt" count="2"/>
      <line num="76" type="method" name="getSize" visibility="public" complexity="1" crap="1" count="3"/>
      <line num="78" type="stmt" count="3"/>
      <line num="84" type="method" name="hasNext" visibility="public" complexity="1" crap="1" count="6"/>
      <line num="86" type="stmt" count="6"/>
      <line num="92" type="method" name="isFirst" visibility="public" complexity="1" crap="1" count="2"/>
      <line num="94" type="stmt" count="2"/>
      <line num="100" type="method" name="isLast" visibility="public" complexity="1" crap="1" count="2"/>
      <line num="102" type="stmt" count="2"/>
      <line num="108" type="method" name="getTotalPages" visibility="public" complexity="2" crap="2" count="5"/>
      <line num="110" type="stmt" count="5"/>
      <line num="111" type="stmt" count="1"/>
      <line num="114" type="stmt" count="4"/>
      <line num="120" type="method" name="isEmpty" visibility="public" complexity="1" crap="1" count="2"/>
      <line num="122" type="stmt" count="2"/>
      <metrics loc="125" ncloc="74" classes="1" methods="11" coveredmethods="11" conditionals="0" coveredconditionals="0" statements="17" coveredstatements="17" elements="28" coveredelements="28"/>
    </file>
    <file name="/home/stevo/dev/dmi/stanbic-bank-sdk/src/Domain/Pagination/StatementIterator.php">
      <class name="Stanbic\SDK\Domain\Pagination\StatementIterator" namespace="global">
        <metrics complexity="15" methods="11" coveredmethods="11" conditionals="0" coveredconditionals="0" statements="31" coveredstatements="31" elements="42" coveredelements="42"/>
      </class>
      <line num="32" type="method" name="__construct" visibility="public" complexity="1" crap="1" count="19"/>
      <line num="36" type="stmt" count="19"/>
      <line num="46" type="method" name="create" visibility="public" complexity="1" crap="1" count="18"/>
      <line num="48" type="stmt" count="18"/>
      <line num="49" type="stmt" count="18"/>
      <line num="50" type="stmt" count="18"/>
      <line num="51" type="stmt" count="18"/>
      <line num="57" type="method" name="rewind" visibility="public" complexity="1" crap="1" count="13"/>
      <line num="59" type="stmt" count="13"/>
      <line num="60" type="stmt" count="13"/>
      <line num="61" type="stmt" count="13"/>
      <line num="62" type="stmt" count="13"/>
      <line num="63" type="stmt" count="13"/>
      <line num="71" type="method" name="current" visibility="public" complexity="1" crap="1" count="11"/>
      <line num="73" type="stmt" count="11"/>
      <line num="79" type="method" name="key" visibility="public" complexity="1" crap="1" count="2"/>
      <line num="81" type="stmt" count="2"/>
      <line num="87" type="method" name="next" visibility="public" complexity="3" crap="3" count="11"/>
      <line num="89" type="stmt" count="11"/>
      <line num="90" type="stmt" count="11"/>
      <line num="92" type="stmt" count="11"/>
      <line num="93" type="stmt" count="3"/>
      <line num="94" type="stmt" count="3"/>
      <line num="95" type="stmt" count="3"/>
      <line num="102" type="method" name="valid" visibility="public" complexity="1" crap="1" count="14"/>
      <line num="104" type="stmt" count="14"/>
      <line num="110" type="method" name="getTotalElements" visibility="public" complexity="1" crap="1" count="2"/>
      <line num="112" type="stmt" count="2"/>
      <line num="120" type="method" name="toArray" visibility="public" complexity="2" crap="2" count="2"/>
      <line num="122" type="stmt" count="2"/>
      <line num="123" type="stmt" count="2"/>
      <line num="124" type="stmt" count="2"/>
      <line num="126" type="stmt" count="2"/>
      <line num="132" type="method" name="loadCurrentPage" visibility="private" complexity="1" crap="1" count="13"/>
      <line num="134" type="stmt" count="13"/>
      <line num="136" type="stmt" count="13"/>
      <line num="137" type="stmt" count="13"/>
      <line num="143" type="method" name="hasMorePages" visibility="private" complexity="2" crap="2" count="10"/>
      <line num="145" type="stmt" count="10"/>
      <line num="146" type="stmt" count="1"/>
      <line num="149" type="stmt" count="9"/>
      <line num="150" type="stmt" count="9"/>
      <metrics loc="153" ncloc="100" classes="1" methods="11" coveredmethods="11" conditionals="0" coveredconditionals="0" statements="31" coveredstatements="31" elements="42" coveredelements="42"/>
    </file>
    <file name="/home/stevo/dev/dmi/stanbic-bank-sdk/src/Domain/Payment/Counterparty.php">
      <class name="Stanbic\SDK\Domain\Payment\Counterparty" namespace="global">
        <metrics complexity="23" methods="3" coveredmethods="3" conditionals="0" coveredconditionals="0" statements="49" coveredstatements="49" elements="52" coveredelements="52"/>
      </class>
      <line num="16" type="method" name="__construct" visibility="public" complexity="1" crap="1" count="36"/>
      <line num="26" type="stmt" count="36"/>
      <line num="31" type="method" name="fromArray" visibility="public" complexity="14" crap="14" count="19"/>
      <line num="34" type="stmt" count="19"/>
      <line num="35" type="stmt" count="19"/>
      <line num="36" type="stmt" count="19"/>
      <line num="37" type="stmt" count="1"/>
      <line num="38" type="stmt" count="18"/>
      <line num="40" type="stmt" count="5"/>
      <line num="41" type="stmt" count="5"/>
      <line num="45" type="stmt" count="19"/>
      <line num="46" type="stmt" count="19"/>
      <line num="47" type="stmt" count="19"/>
      <line num="48" type="stmt" count="1"/>
      <line num="49" type="stmt" count="18"/>
      <line num="51" type="stmt" count="2"/>
      <line num="52" type="stmt" count="2"/>
      <line num="55" type="stmt" count="19"/>
      <line num="56" type="stmt" count="19"/>
      <line num="57" type="stmt" count="19"/>
      <line num="58" type="stmt" count="19"/>
      <line num="59" type="stmt" count="19"/>
      <line num="60" type="stmt" count="19"/>
      <line num="61" type="stmt" count="2"/>
      <line num="62" type="stmt" count="19"/>
      <line num="63" type="stmt" count="19"/>
      <line num="64" type="stmt" count="3"/>
      <line num="65" type="stmt" count="19"/>
      <line num="66" type="stmt" count="19"/>
      <line num="67" type="stmt" count="4"/>
      <line num="68" type="stmt" count="19"/>
      <line num="69" type="stmt" count="19"/>
      <line num="70" type="stmt" count="19"/>
      <line num="76" type="method" name="toArray" visibility="public" complexity="8" crap="8" count="8"/>
      <line num="78" type="stmt" count="8"/>
      <line num="79" type="stmt" count="8"/>
      <line num="80" type="stmt" count="8"/>
      <line num="82" type="stmt" count="8"/>
      <line num="83" type="stmt" count="4"/>
      <line num="86" type="stmt" count="8"/>
      <line num="87" type="stmt" count="1"/>
      <line num="90" type="stmt" count="8"/>
      <line num="91" type="stmt" count="1"/>
      <line num="94" type="stmt" count="8"/>
      <line num="95" type="stmt" count="1"/>
      <line num="98" type="stmt" count="8"/>
      <line num="99" type="stmt" count="2"/>
      <line num="102" type="stmt" count="8"/>
      <line num="103" type="stmt" count="3"/>
      <line num="106" type="stmt" count="8"/>
      <line num="107" type="stmt" count="1"/>
      <line num="110" type="stmt" count="8"/>
      <metrics loc="113" ncloc="98" classes="1" methods="3" coveredmethods="3" conditionals="0" coveredconditionals="0" statements="49" coveredstatements="49" elements="52" coveredelements="52"/>
    </file>
    <file name="/home/stevo/dev/dmi/stanbic-bank-sdk/src/Domain/Payment/CounterpartyAccount.php">
      <class name="Stanbic\SDK\Domain\Payment\CounterpartyAccount" namespace="global">
        <metrics complexity="19" methods="3" coveredmethods="3" conditionals="0" coveredconditionals="0" statements="38" coveredstatements="38" elements="41" coveredelements="41"/>
      </class>
      <line num="16" type="method" name="__construct" visibility="public" complexity="1" crap="1" count="82"/>
      <line num="23" type="stmt" count="82"/>
      <line num="28" type="method" name="fromArray" visibility="public" complexity="12" crap="12" count="45"/>
      <line num="31" type="stmt" count="45"/>
      <line num="32" type="stmt" count="45"/>
      <line num="33" type="stmt" count="45"/>
      <line num="35" type="stmt" count="44"/>
      <line num="38" type="stmt" count="45"/>
      <line num="39" type="stmt" count="1"/>
      <line num="40" type="stmt" count="44"/>
      <line num="42" type="stmt" count="45"/>
      <line num="44" type="stmt" count="45"/>
      <line num="45" type="stmt" count="45"/>
      <line num="46" type="stmt" count="45"/>
      <line num="47" type="stmt" count="25"/>
      <line num="48" type="stmt" count="45"/>
      <line num="49" type="stmt" count="45"/>
      <line num="50" type="stmt" count="25"/>
      <line num="51" type="stmt" count="45"/>
      <line num="52" type="stmt" count="45"/>
      <line num="53" type="stmt" count="1"/>
      <line num="54" type="stmt" count="45"/>
      <line num="55" type="stmt" count="45"/>
      <line num="56" type="stmt" count="1"/>
      <line num="57" type="stmt" count="45"/>
      <line num="58" type="stmt" count="45"/>
      <line num="64" type="method" name="toArray" visibility="public" complexity="6" crap="6" count="23"/>
      <line num="66" type="stmt" count="23"/>
      <line num="67" type="stmt" count="11"/>
      <line num="68" type="stmt" count="11"/>
      <line num="69" type="stmt" count="11"/>
      <line num="72" type="stmt" count="12"/>
      <line num="74" type="stmt" count="12"/>
      <line num="75" type="stmt" count="10"/>
      <line num="78" type="stmt" count="12"/>
      <line num="79" type="stmt" count="10"/>
      <line num="82" type="stmt" count="12"/>
      <line num="83" type="stmt" count="2"/>
      <line num="86" type="stmt" count="12"/>
      <line num="87" type="stmt" count="1"/>
      <line num="90" type="stmt" count="12"/>
      <metrics loc="93" ncloc="80" classes="1" methods="3" coveredmethods="3" conditionals="0" coveredconditionals="0" statements="38" coveredstatements="38" elements="41" coveredelements="41"/>
    </file>
    <file name="/home/stevo/dev/dmi/stanbic-bank-sdk/src/Domain/Payment/EftPaymentResponse.php">
      <class name="Stanbic\SDK\Domain\Payment\EftPaymentResponse" namespace="global">
        <metrics complexity="6" methods="3" coveredmethods="3" conditionals="0" coveredconditionals="0" statements="24" coveredstatements="24" elements="27" coveredelements="27"/>
      </class>
      <line num="16" type="method" name="__construct" visibility="public" complexity="1" crap="1" count="6"/>
      <line num="23" type="stmt" count="6"/>
      <line num="28" type="method" name="fromArray" visibility="public" complexity="3" crap="3" count="3"/>
      <line num="31" type="stmt" count="3"/>
      <line num="32" type="stmt" count="3"/>
      <line num="33" type="stmt" count="3"/>
      <line num="34" type="stmt" count="1"/>
      <line num="35" type="stmt" count="2"/>
      <line num="37" type="stmt" count="2"/>
      <line num="38" type="stmt" count="2"/>
      <line num="41" type="stmt" count="3"/>
      <line num="42" type="stmt" count="3"/>
      <line num="43" type="stmt" count="3"/>
      <line num="44" type="stmt" count="3"/>
      <line num="45" type="stmt" count="3"/>
      <line num="46" type="stmt" count="3"/>
      <line num="47" type="stmt" count="3"/>
      <line num="53" type="method" name="toArray" visibility="public" complexity="2" crap="2" count="2"/>
      <line num="55" type="stmt" count="2"/>
      <line num="56" type="stmt" count="2"/>
      <line num="57" type="stmt" count="2"/>
      <line num="58" type="stmt" count="2"/>
      <line num="59" type="stmt" count="2"/>
      <line num="60" type="stmt" count="2"/>
      <line num="62" type="stmt" count="2"/>
      <line num="63" type="stmt" count="1"/>
      <line num="66" type="stmt" count="2"/>
      <metrics loc="69" ncloc="56" classes="1" methods="3" coveredmethods="3" conditionals="0" coveredconditionals="0" statements="24" coveredstatements="24" elements="27" coveredelements="27"/>
    </file>
    <file name="/home/stevo/dev/dmi/stanbic-bank-sdk/src/Domain/Payment/EftTransferRequest.php">
      <class name="Stanbic\SDK\Domain\Payment\EftTransferRequest" namespace="global">
        <metrics complexity="29" methods="3" coveredmethods="3" conditionals="0" coveredconditionals="0" statements="82" coveredstatements="82" elements="85" coveredelements="85"/>
      </class>
      <line num="19" type="method" name="__construct" visibility="public" complexity="1" crap="1" count="8"/>
      <line num="39" type="stmt" count="8"/>
      <line num="44" type="method" name="fromArray" visibility="public" complexity="20" crap="20" count="4"/>
      <line num="46" type="stmt" count="4"/>
      <line num="47" type="stmt" count="4"/>
      <line num="48" type="stmt" count="2"/>
      <line num="49" type="stmt" count="2"/>
      <line num="50" type="stmt" count="1"/>
      <line num="54" type="stmt" count="4"/>
      <line num="55" type="stmt" count="4"/>
      <line num="56" type="stmt" count="3"/>
      <line num="57" type="stmt" count="1"/>
      <line num="58" type="stmt" count="1"/>
      <line num="60" type="stmt" count="2"/>
      <line num="61" type="stmt" count="1"/>
      <line num="64" type="stmt" count="2"/>
      <line num="65" type="stmt" count="2"/>
      <line num="68" type="stmt" count="4"/>
      <line num="69" type="stmt" count="4"/>
      <line num="70" type="stmt" count="4"/>
      <line num="71" type="stmt" count="4"/>
      <line num="72" type="stmt" count="4"/>
      <line num="73" type="stmt" count="4"/>
      <line num="74" type="stmt" count="4"/>
      <line num="75" type="stmt" count="4"/>
      <line num="76" type="stmt" count="4"/>
      <line num="77" type="stmt" count="4"/>
      <line num="78" type="stmt" count="4"/>
      <line num="79" type="stmt" count="4"/>
      <line num="80" type="stmt" count="4"/>
      <line num="81" type="stmt" count="4"/>
      <line num="82" type="stmt" count="1"/>
      <line num="83" type="stmt" count="4"/>
      <line num="84" type="stmt" count="4"/>
      <line num="85" type="stmt" count="1"/>
      <line num="86" type="stmt" count="4"/>
      <line num="87" type="stmt" count="4"/>
      <line num="88" type="stmt" count="4"/>
      <line num="89" type="stmt" count="4"/>
      <line num="90" type="stmt" count="4"/>
      <line num="91" type="stmt" count="1"/>
      <line num="92" type="stmt" count="4"/>
      <line num="93" type="stmt" count="4"/>
      <line num="94" type="stmt" count="1"/>
      <line num="95" type="stmt" count="4"/>
      <line num="96" type="stmt" count="4"/>
      <line num="97" type="stmt" count="1"/>
      <line num="98" type="stmt" count="4"/>
      <line num="99" type="stmt" count="4"/>
      <line num="100" type="stmt" count="1"/>
      <line num="101" type="stmt" count="4"/>
      <line num="102" type="stmt" count="4"/>
      <line num="103" type="stmt" count="4"/>
      <line num="106" type="method" name="toArray" visibility="public" complexity="8" crap="8" count="3"/>
      <line num="108" type="stmt" count="3"/>
      <line num="109" type="stmt" count="3"/>
      <line num="110" type="stmt" count="3"/>
      <line num="111" type="stmt" count="3"/>
      <line num="112" type="stmt" count="3"/>
      <line num="113" type="stmt" count="3"/>
      <line num="114" type="stmt" count="3"/>
      <line num="115" type="stmt" count="3"/>
      <line num="116" type="stmt" count="3"/>
      <line num="117" type="stmt" count="3"/>
      <line num="118" type="stmt" count="3"/>
      <line num="119" type="stmt" count="3"/>
      <line num="120" type="stmt" count="3"/>
      <line num="122" type="stmt" count="3"/>
      <line num="123" type="stmt" count="1"/>
      <line num="126" type="stmt" count="3"/>
      <line num="127" type="stmt" count="1"/>
      <line num="130" type="stmt" count="3"/>
      <line num="131" type="stmt" count="1"/>
      <line num="134" type="stmt" count="3"/>
      <line num="135" type="stmt" count="1"/>
      <line num="138" type="stmt" count="3"/>
      <line num="139" type="stmt" count="1"/>
      <line num="142" type="stmt" count="3"/>
      <line num="143" type="stmt" count="1"/>
      <line num="146" type="stmt" count="3"/>
      <line num="147" type="stmt" count="1"/>
      <line num="148" type="stmt" count="1"/>
      <line num="149" type="stmt" count="1"/>
      <line num="150" type="stmt" count="1"/>
      <line num="153" type="stmt" count="3"/>
      <metrics loc="156" ncloc="143" classes="1" methods="3" coveredmethods="3" conditionals="0" coveredconditionals="0" statements="82" coveredstatements="82" elements="85" coveredelements="85"/>
    </file>
    <file name="/home/stevo/dev/dmi/stanbic-bank-sdk/src/Domain/Payment/InterAccountTransferRequest.php">
      <class name="Stanbic\SDK\Domain\Payment\InterAccountTransferRequest" namespace="global">
        <metrics complexity="3" methods="3" coveredmethods="3" conditionals="0" coveredconditionals="0" statements="41" coveredstatements="41" elements="44" coveredelements="44"/>
      </class>
      <line num="14" type="method" name="__construct" visibility="public" complexity="1" crap="1" count="3"/>
      <line num="25" type="stmt" count="3"/>
      <line num="30" type="method" name="fromArray" visibility="public" complexity="1" crap="1" count="1"/>
      <line num="32" type="stmt" count="1"/>
      <line num="33" type="stmt" count="1"/>
      <line num="34" type="stmt" count="1"/>
      <line num="35" type="stmt" count="1"/>
      <line num="36" type="stmt" count="1"/>
      <line num="38" type="stmt" count="1"/>
      <line num="39" type="stmt" count="1"/>
      <line num="40" type="stmt" count="1"/>
      <line num="41" type="stmt" count="1"/>
      <line num="42" type="stmt" count="1"/>
      <line num="44" type="stmt" count="1"/>
      <line num="45" type="stmt" count="1"/>
      <line num="46" type="stmt" count="1"/>
      <line num="47" type="stmt" count="1"/>
      <line num="49" type="stmt" count="1"/>
      <line num="50" type="stmt" count="1"/>
      <line num="51" type="stmt" count="1"/>
      <line num="52" type="stmt" count="1"/>
      <line num="54" type="stmt" count="1"/>
      <line num="55" type="stmt" count="1"/>
      <line num="56" type="stmt" count="1"/>
      <line num="57" type="stmt" count="1"/>
      <line num="58" type="stmt" count="1"/>
      <line num="59" type="stmt" count="1"/>
      <line num="60" type="stmt" count="1"/>
      <line num="61" type="stmt" count="1"/>
      <line num="62" type="stmt" count="1"/>
      <line num="63" type="stmt" count="1"/>
      <line num="64" type="stmt" count="1"/>
      <line num="67" type="method" name="toArray" visibility="public" complexity="1" crap="1" count="1"/>
      <line num="69" type="stmt" count="1"/>
      <line num="70" type="stmt" count="1"/>
      <line num="71" type="stmt" count="1"/>
      <line num="72" type="stmt" count="1"/>
      <line num="73" type="stmt" count="1"/>
      <line num="74" type="stmt" count="1"/>
      <line num="75" type="stmt" count="1"/>
      <line num="76" type="stmt" count="1"/>
      <line num="77" type="stmt" count="1"/>
      <line num="78" type="stmt" count="1"/>
      <line num="79" type="stmt" count="1"/>
[...]
      <line num="156" type="method" name="createCurl" visibility="public" complexity="2" crap="2" count="2"/>
      <line num="158" type="stmt" count="2"/>
      <line num="160" type="stmt" count="2"/>
      <line num="161" type="stmt" count="1"/>
      <line num="162" type="stmt" count="1"/>
      <line num="163" type="stmt" count="1"/>
      <line num="168" type="stmt" count="1"/>
      <metrics loc="171" ncloc="113" classes="1" methods="7" coveredmethods="7" conditionals="0" coveredconditionals="0" statements="47" coveredstatements="47" elements="54" coveredelements="54"/>
    </file>
    <file name="/home/stevo/dev/dmi/stanbic-bank-sdk/src/Infrastructure/Http/HttpConfig.php">
      <class name="Stanbic\SDK\Infrastructure\Http\HttpConfig" namespace="global">
        <metrics complexity="26" methods="16" coveredmethods="16" conditionals="0" coveredconditionals="0" statements="80" coveredstatements="80" elements="96" coveredelements="96"/>
      </class>
      <line num="28" type="method" name="__construct" visibility="public" complexity="1" crap="1" count="35"/>
      <line num="38" type="stmt" count="35"/>
      <line num="53" type="method" name="create" visibility="public" complexity="1" crap="1" count="4"/>
      <line num="63" type="stmt" count="4"/>
      <line num="64" type="stmt" count="4"/>
      <line num="65" type="stmt" count="4"/>
      <line num="66" type="stmt" count="4"/>
      <line num="67" type="stmt" count="4"/>
      <line num="68" type="stmt" count="4"/>
      <line num="69" type="stmt" count="4"/>
      <line num="70" type="stmt" count="4"/>
      <line num="71" type="stmt" count="4"/>
      <line num="72" type="stmt" count="4"/>
      <line num="78" type="method" name="getBaseUrl" visibility="public" complexity="1" crap="1" count="1"/>
      <line num="80" type="stmt" count="1"/>
      <line num="86" type="method" name="getClientId" visibility="public" complexity="1" crap="1" count="1"/>
      <line num="88" type="stmt" count="1"/>
      <line num="94" type="method" name="getClientSecret" visibility="public" complexity="1" crap="1" count="1"/>
      <line num="96" type="stmt" count="1"/>
      <line num="102" type="method" name="getTokenUrl" visibility="public" complexity="1" crap="1" count="1"/>
      <line num="104" type="stmt" count="1"/>
      <line num="110" type="method" name="getTimeoutMs" visibility="public" complexity="1" crap="1" count="1"/>
      <line num="112" type="stmt" count="1"/>
      <line num="118" type="method" name="getRetryAttempts" visibility="public" complexity="1" crap="1" count="1"/>
      <line num="120" type="stmt" count="1"/>
      <line num="126" type="method" name="getRetryBackoffMs" visibility="public" complexity="1" crap="1" count="1"/>
      <line num="128" type="stmt" count="1"/>
      <line num="134" type="method" name="getLogger" visibility="public" complexity="1" crap="1" count="1"/>
      <line num="136" type="stmt" count="1"/>
      <line num="142" type="method" name="hasLogger" visibility="public" complexity="1" crap="1" count="4"/>
      <line num="144" type="stmt" count="4"/>
      <line num="150" type="method" name="withBaseUrl" visibility="public" complexity="1" crap="1" count="2"/>
      <line num="152" type="stmt" count="2"/>
      <line num="153" type="stmt" count="2"/>
      <line num="154" type="stmt" count="2"/>
      <line num="155" type="stmt" count="2"/>
      <line num="156" type="stmt" count="2"/>
      <line num="157" type="stmt" count="2"/>
      <line num="158" type="stmt" count="2"/>
      <line num="159" type="stmt" count="2"/>
      <line num="160" type="stmt" count="2"/>
      <line num="161" type="stmt" count="2"/>
      <line num="167" type="method" name="withTimeout" visibility="public" complexity="1" crap="1" count="3"/>
      <line num="169" type="stmt" count="3"/>
      <line num="170" type="stmt" count="3"/>
      <line num="171" type="stmt" count="3"/>
      <line num="172" type="stmt" count="3"/>
      <line num="173" type="stmt" count="3"/>
      <line num="174" type="stmt" count="3"/>
      <line num="175" type="stmt" count="3"/>
      <line num="176" type="stmt" count="3"/>
      <line num="177" type="stmt" count="3"/>
      <line num="178" type="stmt" count="3"/>
      <line num="184" type="method" name="withRetrySettings" visibility="public" complexity="1" crap="1" count="4"/>
      <line num="186" type="stmt" count="4"/>
      <line num="187" type="stmt" count="4"/>
      <line num="188" type="stmt" count="4"/>
      <line num="189" type="stmt" count="4"/>
      <line num="190" type="stmt" count="4"/>
      <line num="191" type="stmt" count="4"/>
      <line num="192" type="stmt" count="4"/>
      <line num="193" type="stmt" count="4"/>
      <line num="194" type="stmt" count="4"/>
      <line num="195" type="stmt" count="4"/>
      <line num="201" type="method" name="withLogger" visibility="public" complexity="1" crap="1" count="4"/>
      <line num="203" type="stmt" count="4"/>
      <line num="204" type="stmt" count="4"/>
      <line num="205" type="stmt" count="4"/>
      <line num="206" type="stmt" count="4"/>
      <line num="207" type="stmt" count="4"/>
      <line num="208" type="stmt" count="4"/>
      <line num="209" type="stmt" count="4"/>
      <line num="210" type="stmt" count="4"/>
      <line num="211" type="stmt" count="4"/>
      <line num="212" type="stmt" count="4"/>
      <line num="220" type="method" name="validateConfig" visibility="private" complexity="11" crap="11" count="35"/>
      <line num="222" type="stmt" count="35"/>
      <line num="223" type="stmt" count="1"/>
      <line num="226" type="stmt" count="34"/>
      <line num="227" type="stmt" count="1"/>
      <line num="230" type="stmt" count="33"/>
      <line num="231" type="stmt" count="1"/>
      <line num="234" type="stmt" count="32"/>
      <line num="235" type="stmt" count="1"/>
      <line num="238" type="stmt" count="31"/>
      <line num="239" type="stmt" count="2"/>
      <line num="242" type="stmt" count="30"/>
      <line num="243" type="stmt" count="1"/>
      <line num="246" type="stmt" count="29"/>
      <line num="247" type="stmt" count="2"/>
      <line num="250" type="stmt" count="28"/>
      <line num="251" type="stmt" count="1"/>
      <line num="254" type="stmt" count="27"/>
      <line num="255" type="stmt" count="1"/>
      <line num="258" type="stmt" count="26"/>
      <line num="259" type="stmt" count="2"/>
      <metrics loc="263" ncloc="190" classes="1" methods="16" coveredmethods="16" conditionals="0" coveredconditionals="0" statements="80" coveredstatements="80" elements="96" coveredelements="96"/>
    </file>
    <file name="/home/stevo/dev/dmi/stanbic-bank-sdk/src/Infrastructure/Http/Middleware/AuthMiddleware.php">
      <class name="Stanbic\SDK\Infrastructure\Http\Middleware\AuthMiddleware" namespace="global">
        <metrics complexity="2" methods="2" coveredmethods="2" conditionals="0" coveredconditionals="0" statements="3" coveredstatements="3" elements="5" coveredelements="5"/>
      </class>
      <line num="20" type="method" name="__construct" visibility="public" complexity="1" crap="1" count="1"/>
      <line num="22" type="stmt" count="1"/>
      <line num="30" type="method" name="__invoke" visibility="public" complexity="1" crap="1" count="1"/>
      <line num="32" type="stmt" count="1"/>
      <line num="33" type="stmt" count="1"/>
      <metrics loc="36" ncloc="27" classes="1" methods="2" coveredmethods="2" conditionals="0" coveredconditionals="0" statements="3" coveredstatements="3" elements="5" coveredelements="5"/>
    </file>
    <file name="/home/stevo/dev/dmi/stanbic-bank-sdk/src/Infrastructure/Http/Middleware/LoggingMiddleware.php">
      <class name="Stanbic\SDK\Infrastructure\Http\Middleware\LoggingMiddleware" namespace="global">
        <metrics complexity="2" methods="2" coveredmethods="2" conditionals="0" coveredconditionals="0" statements="12" coveredstatements="12" elements="14" coveredelements="14"/>
      </class>
      <line num="18" type="method" name="__construct" visibility="public" complexity="1" crap="1" count="1"/>
      <line num="20" type="stmt" count="1"/>
      <line num="28" type="method" name="__invoke" visibility="public" complexity="1" crap="1" count="1"/>
      <line num="30" type="stmt" count="1"/>
      <line num="31" type="stmt" count="1"/>
      <line num="32" type="stmt" count="1"/>
      <line num="33" type="stmt" count="1"/>
      <line num="34" type="stmt" count="1"/>
      <line num="35" type="stmt" count="1"/>
      <line num="36" type="stmt" count="1"/>
      <line num="37" type="stmt" count="1"/>
      <line num="38" type="stmt" count="1"/>
      <line num="39" type="stmt" count="1"/>
      <line num="40" type="stmt" count="1"/>
      <metrics loc="43" ncloc="35" classes="1" methods="2" coveredmethods="2" conditionals="0" coveredconditionals="0" statements="12" coveredstatements="12" elements="14" coveredelements="14"/>
    </file>
    <file name="/home/stevo/dev/dmi/stanbic-bank-sdk/src/Infrastructure/Http/Middleware/MiddlewareInterface.php">
      <metrics loc="22" ncloc="14" classes="0" methods="0" coveredmethods="0" conditionals="0" coveredconditionals="0" statements="0" coveredstatements="0" elements="0" coveredelements="0"/>
    </file>
    <file name="/home/stevo/dev/dmi/stanbic-bank-sdk/src/Infrastructure/Http/Middleware/MiddlewareStackClient.php">
      <class name="Stanbic\SDK\Infrastructure\Http\Middleware\MiddlewareStackClient" namespace="global">
        <metrics complexity="2" methods="2" coveredmethods="2" conditionals="0" coveredconditionals="0" statements="8" coveredstatements="8" elements="10" coveredelements="10"/>
      </class>
      <line num="24" type="method" name="__construct" visibility="public" complexity="1" crap="1" count="3"/>
      <line num="26" type="stmt" count="3"/>
      <line num="27" type="stmt" count="3"/>
      <line num="30" type="method" name="sendRequest" visibility="public" complexity="1" crap="1" count="2"/>
      <line num="35" type="stmt" count="2"/>
      <line num="36" type="stmt" count="2"/>
      <line num="42" type="stmt" count="2"/>
      <line num="46" type="stmt" count="2"/>
      <line num="47" type="stmt" count="2"/>
      <line num="49" type="stmt" count="2"/>
      <metrics loc="52" ncloc="33" classes="1" methods="2" coveredmethods="2" conditionals="0" coveredconditionals="0" statements="8" coveredstatements="8" elements="10" coveredelements="10"/>
    </file>
    <file name="/home/stevo/dev/dmi/stanbic-bank-sdk/src/Infrastructure/Http/Middleware/RequestIdMiddleware.php">
      <class name="Stanbic\SDK\Infrastructure\Http\Middleware\RequestIdMiddleware" namespace="global">
        <metrics complexity="1" methods="1" coveredmethods="1" conditionals="0" coveredconditionals="0" statements="3" coveredstatements="3" elements="4" coveredelements="4"/>
      </class>
      <line num="20" type="method" name="__invoke" visibility="public" complexity="1" crap="1" count="1"/>
      <line num="22" type="stmt" count="1"/>
      <line num="23" type="stmt" count="1"/>
      <line num="24" type="stmt" count="1"/>
      <metrics loc="27" ncloc="19" classes="1" methods="1" coveredmethods="1" conditionals="0" coveredconditionals="0" statements="3" coveredstatements="3" elements="4" coveredelements="4"/>
    </file>
    <file name="/home/stevo/dev/dmi/stanbic-bank-sdk/src/Infrastructure/Http/Middleware/RetryMiddleware.php">
      <class name="Stanbic\SDK\Infrastructure\Http\Middleware\RetryMiddleware" namespace="global">
        <metrics complexity="8" methods="2" coveredmethods="2" conditionals="0" coveredconditionals="0" statements="25" coveredstatements="25" elements="27" coveredelements="27"/>
      </class>
      <line num="19" type="method" name="__construct" visibility="public" complexity="1" crap="1" count="5"/>
      <line num="21" type="stmt" count="5"/>
      <line num="22" type="stmt" count="5"/>
      <line num="30" type="method" name="__invoke" visibility="public" complexity="7" crap="7" count="5"/>
      <line num="32" type="stmt" count="5"/>
      <line num="34" type="stmt" count="5"/>
      <line num="35" type="stmt" count="5"/>
      <line num="37" type="stmt" count="5"/>
      <line num="38" type="stmt" count="4"/>
      <line num="40" type="stmt" count="4"/>
      <line num="41" type="stmt" count="4"/>
      <line num="42" type="stmt" count="4"/>
      <line num="44" type="stmt" count="2"/>
      <line num="45" type="stmt" count="2"/>
      <line num="47" type="stmt" count="4"/>
      <line num="48" type="stmt" count="4"/>
      <line num="49" type="stmt" count="2"/>
      <line num="50" type="stmt" count="1"/>
      <line num="52" type="stmt" count="1"/>
      <line num="54" type="stmt" count="4"/>
      <line num="55" type="stmt" count="4"/>
      <line num="56" type="stmt" count="4"/>
      <line num="57" type="stmt" count="4"/>
      <line num="58" type="stmt" count="4"/>
      <line num="59" type="stmt" count="4"/>
      <line num="60" type="stmt" count="4"/>
      <line num="61" type="stmt" count="4"/>
      <metrics loc="65" ncloc="54" classes="1" methods="2" coveredmethods="2" conditionals="0" coveredconditionals="0" statements="25" coveredstatements="25" elements="27" coveredelements="27"/>
    </file>
    <file name="/home/stevo/dev/dmi/stanbic-bank-sdk/src/Infrastructure/Http/Middleware/TimeoutMiddleware.php">
      <class name="Stanbic\SDK\Infrastructure\Http\Middleware\TimeoutMiddleware" namespace="global">
        <metrics complexity="2" methods="2" coveredmethods="2" conditionals="0" coveredconditionals="0" statements="3" coveredstatements="3" elements="5" coveredelements="5"/>
      </class>
      <line num="17" type="method" name="__construct" visibility="public" complexity="1" crap="1" count="1"/>
      <line num="19" type="stmt" count="1"/>
      <line num="27" type="method" name="__invoke" visibility="public" complexity="1" crap="1" count="1"/>
      <line num="30" type="stmt" count="1"/>
      <line num="31" type="stmt" count="1"/>
      <metrics loc="34" ncloc="25" classes="1" methods="2" coveredmethods="2" conditionals="0" coveredconditionals="0" statements="3" coveredstatements="3" elements="5" coveredelements="5"/>
    </file>
    <file name="/home/stevo/dev/dmi/stanbic-bank-sdk/src/Infrastructure/Http/OAuth2TokenProvider.php">
      <class name="Stanbic\SDK\Infrastructure\Http\OAuth2TokenProvider" namespace="global">
        <metrics complexity="22" methods="8" coveredmethods="8" conditionals="0" coveredconditionals="0" statements="79" coveredstatements="79" elements="87" coveredelements="87"/>
      </class>
      <line num="51" type="method" name="__construct" visibility="public" complexity="1" crap="1" count="36"/>
      <line num="57" type="stmt" count="36"/>
      <line num="58" type="stmt" count="36"/>
      <line num="59" type="stmt" count="36"/>
      <line num="65" type="method" name="getToken" visibility="public" complexity="3" crap="3" count="32"/>
      <line num="67" type="stmt" count="32"/>
      <line num="68" type="stmt" count="4"/>
      <line num="69" type="stmt" count="4"/>
      <line num="70" type="stmt" count="4"/>
      <line num="72" type="stmt" count="4"/>
      <line num="75" type="stmt" count="32"/>
      <line num="77" type="stmt" count="32"/>
      <line num="83" type="method" name="refreshToken" visibility="public" complexity="1" crap="1" count="2"/>
      <line num="85" type="stmt" count="2"/>
      <line num="87" type="stmt" count="2"/>
      <line num="93" type="method" name="invalidate" visibility="public" complexity="1" crap="1" count="4"/>
      <line num="95" type="stmt" count="4"/>
      <line num="96" type="stmt" count="4"/>
      <line num="106" type="method" name="getCachedToken" visibility="public" complexity="1" crap="1" count="7"/>
      <line num="108" type="stmt" count="7"/>
      <line num="117" type="method" name="fetchAndCacheToken" visibility="private" complexity="1" crap="1" count="32"/>
      <line num="119" type="stmt" count="32"/>
      <line num="120" type="stmt" count="20"/>
      <line num="122" type="stmt" count="20"/>
      <line num="123" type="stmt" count="20"/>
      <line num="124" type="stmt" count="20"/>
      <line num="125" type="stmt" count="20"/>
      <line num="126" type="stmt" count="20"/>
      <line num="128" type="stmt" count="20"/>
      <line num="137" type="method" name="requestToken" visibility="private" complexity="4" crap="4" count="32"/>
      <line num="139" type="stmt" count="32"/>
      <line num="140" type="stmt" count="32"/>
      <line num="141" type="stmt" count="32"/>
      <line num="142" type="stmt" count="32"/>
      <line num="143" type="stmt" count="32"/>
      <line num="145" type="stmt" count="32"/>
      <line num="146" type="stmt" count="32"/>
      <line num="147" type="stmt" count="32"/>
      <line num="148" type="stmt" count="32"/>
      <line num="149" type="stmt" count="32"/>
      <line num="150" type="stmt" count="32"/>
      <line num="151" type="stmt" count="32"/>
      <line num="152" type="stmt" count="32"/>
      <line num="153" type="stmt" count="32"/>
      <line num="156" type="stmt" count="32"/>
      <line num="157" type="stmt" count="3"/>
      <line num="158" type="stmt" count="3"/>
      <line num="159" type="stmt" count="3"/>
      <line num="160" type="stmt" count="3"/>
      <line num="161" type="stmt" count="3"/>
      <line num="163" type="stmt" count="3"/>
      <line num="164" type="stmt" count="3"/>
      <line num="165" type="stmt" count="3"/>
      <line num="166" type="stmt" count="3"/>
      <line num="167" type="stmt" count="3"/>
      <line num="170" type="stmt" count="29"/>
      <line num="172" type="stmt" count="29"/>
      <line num="173" type="stmt" count="3"/>
      <line num="175" type="stmt" count="3"/>
      <line num="176" type="stmt" count="3"/>
      <line num="177" type="stmt" count="3"/>
      <line num="178" type="stmt" count="3"/>
      <line num="180" type="stmt" count="3"/>
      <line num="181" type="stmt" count="3"/>
      <line num="182" type="stmt" count="3"/>
      <line num="183" type="stmt" count="3"/>
      <line num="184" type="stmt" count="3"/>
      <line num="185" type="stmt" count="3"/>
      <line num="186" type="stmt" count="3"/>
      <line num="189" type="stmt" count="26"/>
      <line num="199" type="method" name="parseTokenResponse" visibility="private" complexity="8" crap="8" count="26"/>
      <line num="202" type="stmt" count="26"/>
      <line num="204" type="stmt" count="26"/>
      <line num="205" type="stmt" count="2"/>
      <line num="206" type="stmt" count="2"/>
      <line num="207" type="stmt" count="2"/>
      <line num="210" type="stmt" count="24"/>
      <line num="211" type="stmt" count="2"/>
      <line num="212" type="stmt" count="2"/>
      <line num="213" type="stmt" count="2"/>
      <line num="216" type="stmt" count="22"/>
      <line num="218" type="stmt" count="3"/>
      <line num="219" type="stmt" count="1"/>
      <line num="221" type="stmt" count="2"/>
      <line num="222" type="stmt" count="2"/>
      <line num="223" type="stmt" count="2"/>
      <line num="228" type="stmt" count="20"/>
      <metrics loc="260" ncloc="184" classes="1" methods="8" coveredmethods="8" conditionals="0" coveredconditionals="0" statements="79" coveredstatements="79" elements="87" coveredelements="87"/>
    </file>
    <file name="/home/stevo/dev/dmi/stanbic-bank-sdk/src/Infrastructure/Http/TokenProviderInterface.php">
      <metrics loc="41" ncloc="15" classes="0" methods="0" coveredmethods="0" conditionals="0" coveredconditionals="0" statements="0" coveredstatements="0" elements="0" coveredelements="0"/>
    </file>
    <metrics files="89" loc="6525" ncloc="5064" classes="74" methods="276" coveredmethods="273" conditionals="0" coveredconditionals="0" statements="2082" coveredstatements="2079" elements="2358" coveredelements="2352"/>
  </project>
</coverage>
